[+] Containers:
 |- [+] Container: /Game/VehicleTemplate/Maps/VehicleExampleMap
 |   |- [+] ActorDescs:
 |   |   |- Guid:014992A5412E32EED5B06AA1E820BB63 BaseClass:/Game/TruckTrailer/Trailers/TankerTrailer/Blueprints/Tanker_Trailer.Tanker_Trailer_C NativeClass:/Script/ChaosVehicles.WheeledVehiclePawn Name:Tanker_Trailer_C_UAID_2C58B90D93E1D1EC01_2143477186 Label:Tanker_Trailer SpatiallyLoaded:1 Bounds:IsValid=true, Min=(X=4615.348 Y=-431.626 Z=-253.426), Max=(X=7121.582 Y=1849.777 Z=760.330) RuntimeGrid:None EditorOnly:0 RuntimeOnly:0 HLODRelevant:0 ListedInSceneOutliner:1 IsMainWorldOnly:0
 |   |   |- Guid:0508C0714F2F14B5D3133BB475A91623 BaseClass: NativeClass:/Script/Landscape.Landscape Name:Landscape_UAID_2C58B90D93E123ED01_1247388593 Label:Landscape2 SpatiallyLoaded:0 Bounds:IsValid=true, Min=(X=-4060.000 Y=12540.000 Z=0.000), Max=(X=-4060.000 Y=12540.000 Z=0.000) RuntimeGrid:None EditorOnly:0 RuntimeOnly:0 HLODRelevant:0 ListedInSceneOutliner:1 IsMainWorldOnly:0
 |   |   |- Guid:05134C99468894E7AFD5008597ACCD78 BaseClass:/Game/TruckTrailer/Truck/Blueprints/Truck_BP.Truck_BP_C NativeClass:/Script/ChaosVehicles.WheeledVehiclePawn Name:Truck_BP_C_UAID_2C58B90D93E1D1EC01_2124998184 Label:Truck_BP SpatiallyLoaded:1 Bounds:IsValid=true, Min=(X=4833.533 Y=-2955.260 Z=-80.000), Max=(X=5496.521 Y=-2239.268 Z=442.797) RuntimeGrid:None EditorOnly:0 RuntimeOnly:0 HLODRelevant:0 ListedInSceneOutliner:1 IsMainWorldOnly:0
 |   |   |- Guid:08A6CBFE4AB9DFC8529A8FA2E09269E9 BaseClass: NativeClass:/Script/Landscape.LandscapeStreamingProxy Name:LandscapeStreamingProxy_0H1VCBQNYQTDZ0AYGHDNJ3WBM_126_0_2_0 Label:LandscapeStreamingProxy_0_2_0 SpatiallyLoaded:1 Bounds:IsValid=true, Min=(X=-4060.000 Y=15060.000 Z=-100.000), Max=(X=-2800.000 Y=16320.000 Z=100.000) RuntimeGrid:None EditorOnly:0 RuntimeOnly:0 HLODRelevant:1 ListedInSceneOutliner:1 IsMainWorldOnly:0
 |   |   |- Guid:14A7C43E434D3DE5B4C62988AF507A08 BaseClass: NativeClass:/Script/Landscape.LandscapeSplineActor Name:LandscapeSplineActor_UAID_2C58B90D93E1D0EC01_1980129005 Label:LandscapeSplineActor7 SpatiallyLoaded:1 Bounds:IsValid=true, Min=(X=-17763.850 Y=-18681.451 Z=-125.131), Max=(X=22960.470 Y=20987.914 Z=874.987) RuntimeGrid:None EditorOnly:0 RuntimeOnly:0 HLODRelevant:1 ListedInSceneOutliner:1 IsMainWorldOnly:0
 |   |   |- Guid:171313D0407C3F64D2D4B296EC558C63 BaseClass: NativeClass:/Script/Landscape.LandscapeStreamingProxy Name:LandscapeStreamingProxy_BN55SI9ETKGRY904720BQHPG3_1_1_0_0 Label:LandscapeStreamingProxy_1_0_0 SpatiallyLoaded:1 Bounds:IsValid=true, Min=(X=0.000 Y=-12600.000 Z=-100.000), Max=(X=12600.000 Y=0.000 Z=100.000) RuntimeGrid:None EditorOnly:0 RuntimeOnly:0 HLODRelevant:1 ListedInSceneOutliner:1 IsMainWorldOnly:0
 |   |   |- Guid:1BD9F9864902A45EA13D13882269FA88 BaseClass: NativeClass:/Script/Landscape.LandscapeStreamingProxy Name:LandscapeStreamingProxy_0H1VCBQNYQTDZ0AYGHDNJ3WBM_126_2_3_0 Label:LandscapeStreamingProxy_2_3_0 SpatiallyLoaded:1 Bounds:IsValid=true, Min=(X=-1540.000 Y=16320.000 Z=-100.000), Max=(X=-280.000 Y=17580.000 Z=100.000) RuntimeGrid:None EditorOnly:0 RuntimeOnly:0 HLODRelevant:1 ListedInSceneOutliner:1 IsMainWorldOnly:0
 |   |   |- Guid:1C9CB92A4B7089F073A211AF3CBD68B7 BaseClass: NativeClass:/Script/Landscape.LandscapeStreamingProxy Name:LandscapeStreamingProxy_0H1VCBQNYQTDZ0AYGHDNJ3WBM_126_0_3_0 Label:LandscapeStreamingProxy_0_3_0 SpatiallyLoaded:1 Bounds:IsValid=true, Min=(X=-4060.000 Y=16320.000 Z=-100.000), Max=(X=-2800.000 Y=17580.000 Z=100.000) RuntimeGrid:None EditorOnly:0 RuntimeOnly:0 HLODRelevant:1 ListedInSceneOutliner:1 IsMainWorldOnly:0
 |   |   |- Guid:1FE258E9485A5A2EEAEC629E74DF87EC BaseClass: NativeClass:/Script/Landscape.LandscapeStreamingProxy Name:LandscapeStreamingProxy_0H1VCBQNYQTDZ0AYGHDNJ3WBM_126_1_0_0 Label:LandscapeStreamingProxy_1_0_0 SpatiallyLoaded:1 Bounds:IsValid=true, Min=(X=-2800.000 Y=12540.000 Z=-100.000), Max=(X=-1540.000 Y=13800.000 Z=100.000) RuntimeGrid:None EditorOnly:0 RuntimeOnly:0 HLODRelevant:1 ListedInSceneOutliner:1 IsMainWorldOnly:0
 |   |   |- Guid:25E856F042412E1485596BAE8A5ABA38 BaseClass: NativeClass:/Script/Landscape.LandscapeStreamingProxy Name:LandscapeStreamingProxy_BN55SI9ETKGRY904720BQHPG3_1_0_0_0 Label:LandscapeStreamingProxy_0_0_0 SpatiallyLoaded:1 Bounds:IsValid=true, Min=(X=-12600.000 Y=-12600.000 Z=-100.000), Max=(X=0.000 Y=0.000 Z=100.000) RuntimeGrid:None EditorOnly:0 RuntimeOnly:0 HLODRelevant:1 ListedInSceneOutliner:1 IsMainWorldOnly:0
 |   |   |- Guid:270995F94E718FF1C3783990BE595E06 BaseClass: NativeClass:/Script/Landscape.LandscapeStreamingProxy Name:LandscapeStreamingProxy_0H1VCBQNYQTDZ0AYGHDNJ3WBM_126_1_2_0 Label:LandscapeStreamingProxy_1_2_0 SpatiallyLoaded:1 Bounds:IsValid=true, Min=(X=-2800.000 Y=15060.000 Z=-100.000), Max=(X=-1540.000 Y=16320.000 Z=100.000) RuntimeGrid:None EditorOnly:0 RuntimeOnly:0 HLODRelevant:1 ListedInSceneOutliner:1 IsMainWorldOnly:0
 |   |   |- Guid:2CEDB4F840433214A64DD7AA98B967A4 BaseClass: NativeClass:/Script/Landscape.LandscapeStreamingProxy Name:LandscapeStreamingProxy_0H1VCBQNYQTDZ0AYGHDNJ3WBM_126_2_2_0 Label:LandscapeStreamingProxy_2_2_0 SpatiallyLoaded:1 Bounds:IsValid=true, Min=(X=-1540.000 Y=15060.000 Z=-100.000), Max=(X=-280.000 Y=16320.000 Z=100.000) RuntimeGrid:None EditorOnly:0 RuntimeOnly:0 HLODRelevant:1 ListedInSceneOutliner:1 IsMainWorldOnly:0
 |   |   |- Guid:457C26804ECCA40F34C76093BBEDB2A8 BaseClass: NativeClass:/Script/Landscape.LandscapeStreamingProxy Name:LandscapeStreamingProxy_0H1VCBQNYQTDZ0AYGHDNJ3WBM_126_1_1_0 Label:LandscapeStreamingProxy_1_1_0 SpatiallyLoaded:1 Bounds:IsValid=true, Min=(X=-2800.000 Y=13800.000 Z=-100.000), Max=(X=-1540.000 Y=15060.000 Z=100.000) RuntimeGrid:None EditorOnly:0 RuntimeOnly:0 HLODRelevant:1 ListedInSceneOutliner:1 IsMainWorldOnly:0
 |   |   |- Guid:4692480948D231C720C6F994B5C7B65D BaseClass:/Game/VehicleTemplate/Blueprints/OffroadCar/AI.AI_C NativeClass:/Script/ChaosVehicles.WheeledVehiclePawn Name:AI_C_UAID_2C58B90D93E126ED01_2015017126 Label:AI2 SpatiallyLoaded:1 Bounds:IsValid=true, Min=(X=-7116.381 Y=3450.200 Z=-0.394), Max=(X=-6710.000 Y=3829.800 Z=158.661) RuntimeGrid:None EditorOnly:0 RuntimeOnly:0 HLODRelevant:0 ListedInSceneOutliner:1 IsMainWorldOnly:0
 |   |   |- Guid:5F1CE32C45DBB3E9D80C48BE74374D7E BaseClass: NativeClass:/Script/Landscape.LandscapeSplineActor Name:LandscapeSplineActor_UAID_2C58B90D93E1D2EC01_1087119363 Label:LandscapeSplineActor SpatiallyLoaded:1 Bounds:IsValid=true, Min=(X=2056.699 Y=-3758.808 Z=-125.036), Max=(X=8848.886 Y=3010.353 Z=874.975) RuntimeGrid:None EditorOnly:0 RuntimeOnly:0 HLODRelevant:1 ListedInSceneOutliner:1 IsMainWorldOnly:0
 |   |   |- Guid:606ADBB54B5C426261BF88B2BDABFA79 BaseClass: NativeClass:/Script/Landscape.LandscapeStreamingProxy Name:LandscapeStreamingProxy_0H1VCBQNYQTDZ0AYGHDNJ3WBM_126_0_0_0 Label:LandscapeStreamingProxy_0_0_0 SpatiallyLoaded:1 Bounds:IsValid=true, Min=(X=-4060.000 Y=12540.000 Z=-100.000), Max=(X=-2800.000 Y=13800.000 Z=100.000) RuntimeGrid:None EditorOnly:0 RuntimeOnly:0 HLODRelevant:1 ListedInSceneOutliner:1 IsMainWorldOnly:0
 |   |   |- Guid:62B351BB423B9EABD5AE849DD1DFC408 BaseClass: NativeClass:/Script/Engine.VolumetricCloud Name:VolumetricCloud_0 Label:VolumetricCloud SpatiallyLoaded:0 Bounds:IsValid=true, Min=(X=-12600.000 Y=-12600.000 Z=720.000), Max=(X=-12600.000 Y=-12600.000 Z=720.000) RuntimeGrid:None EditorOnly:0 RuntimeOnly:0 HLODRelevant:0 ListedInSceneOutliner:1 IsMainWorldOnly:0 FolderPath:Lighting FolderGuid:602030AD4CB26C050EF7B98FCA62FBCA
 |   |   |- Guid:651E606A445637A139F03E8E129B843C BaseClass: NativeClass:/Script/Landscape.LandscapeStreamingProxy Name:LandscapeStreamingProxy_0H1VCBQNYQTDZ0AYGHDNJ3WBM_126_1_3_0 Label:LandscapeStreamingProxy_1_3_0 SpatiallyLoaded:1 Bounds:IsValid=true, Min=(X=-2800.000 Y=16320.000 Z=-100.000), Max=(X=-1540.000 Y=17580.000 Z=100.000) RuntimeGrid:None EditorOnly:0 RuntimeOnly:0 HLODRelevant:1 ListedInSceneOutliner:1 IsMainWorldOnly:0
 |   |   |- Guid:66C6D5334C54828C0FC13494686B771E BaseClass:/Game/TruckTrailer/Trailers/ContainerTrailer/Blueprints/Container_Trailer.Container_Trailer_C NativeClass:/Script/ChaosVehicles.WheeledVehiclePawn Name:Container_Trailer_C_UAID_2C58B90D93E1D1EC01_2138059185 Label:Container_Trailer SpatiallyLoaded:1 Bounds:IsValid=true, Min=(X=5345.909 Y=-897.956 Z=-241.803), Max=(X=7662.874 Y=1197.792 Z=725.462) RuntimeGrid:None EditorOnly:0 RuntimeOnly:0 HLODRelevant:0 ListedInSceneOutliner:1 IsMainWorldOnly:0
 |   |   |- Guid:6A1C7CE945AD720405A2B8A0CDC31EEA BaseClass: NativeClass:/Script/Engine.WorldDataLayers Name:WorldDataLayers Label:WorldDataLayers-1 SpatiallyLoaded:0 Bounds:IsValid=true, Min=(X=0.000 Y=0.000 Z=0.000), Max=(X=0.000 Y=0.000 Z=0.000) RuntimeGrid:None EditorOnly:0 RuntimeOnly:0 HLODRelevant:0 ListedInSceneOutliner:1 IsMainWorldOnly:1
 |   |   |- Guid:6B337CAD4C563049716FB399D124EC3D BaseClass: NativeClass:/Script/Engine.SkyLight Name:SkyLight_1 Label:SkyLight SpatiallyLoaded:0 Bounds:IsValid=true, Min=(X=-12600.000 Y=-12600.000 Z=590.000), Max=(X=-12600.000 Y=-12600.000 Z=590.000) RuntimeGrid:None EditorOnly:0 RuntimeOnly:0 HLODRelevant:0 ListedInSceneOutliner:1 IsMainWorldOnly:0 FolderPath:Lighting FolderGuid:602030AD4CB26C050EF7B98FCA62FBCA
 |   |   |- Guid:6EE938084EFA286100C25192921D2271 BaseClass: NativeClass:/Script/Landscape.LandscapeStreamingProxy Name:LandscapeStreamingProxy_0H1VCBQNYQTDZ0AYGHDNJ3WBM_126_3_3_0 Label:LandscapeStreamingProxy_3_3_0 SpatiallyLoaded:1 Bounds:IsValid=true, Min=(X=-280.000 Y=16320.000 Z=-100.000), Max=(X=980.000 Y=17580.000 Z=100.000) RuntimeGrid:None EditorOnly:0 RuntimeOnly:0 HLODRelevant:1 ListedInSceneOutliner:1 IsMainWorldOnly:0
 |   |   |- Guid:72DD4D594456AA5636CB3DA58AA66F72 BaseClass:/Game/VehicleTemplate/Blueprints/SportsCar/AI_Car.AI_Car_C NativeClass:/Script/ChaosVehicles.WheeledVehiclePawn Name:AI_Car_C_UAID_2C58B90D93E123ED01_2093663594 Label:AI_Car SpatiallyLoaded:1 Bounds:IsValid=true, Min=(X=-1543.507 Y=12269.350 Z=-4.659), Max=(X=-1072.406 Y=12530.650 Z=131.318) RuntimeGrid:None EditorOnly:0 RuntimeOnly:0 HLODRelevant:0 ListedInSceneOutliner:1 IsMainWorldOnly:0
 |   |   |- Guid:72FBA45F474AD6B89F11049FCA83748F BaseClass: NativeClass:/Script/Engine.StaticMeshActor Name:StaticMeshActor_UAID_A4AE111137DC5DFB00_1630210247 Label:SM_SkySphere SpatiallyLoaded:1 Bounds:IsValid=true, Min=(X=-1638400.000 Y=-1638400.000 Z=-1638400.000), Max=(X=1638400.000 Y=1638400.000 Z=1638400.000) RuntimeGrid:None EditorOnly:0 RuntimeOnly:0 HLODRelevant:1 ListedInSceneOutliner:1 IsMainWorldOnly:0 FolderPath:Lighting FolderGuid:602030AD4CB26C050EF7B98FCA62FBCA
 |   |   |- Guid:8C0FA1084325C13D99C659A1CE031414 BaseClass: NativeClass:/Script/Engine.PlayerStart Name:PlayerStart_1 Label:PlayerStart SpatiallyLoaded:0 Bounds:IsValid=true, Min=(X=-3530.000 Y=-9370.000 Z=9.935), Max=(X=-3450.000 Y=-9290.000 Z=101.935) RuntimeGrid:None EditorOnly:0 RuntimeOnly:0 HLODRelevant:0 ListedInSceneOutliner:1 IsMainWorldOnly:0
 |   |   |- Guid:9138BD84461B2D59F47C8A806827D71B BaseClass: NativeClass:/Script/Landscape.LandscapeStreamingProxy Name:LandscapeStreamingProxy_0H1VCBQNYQTDZ0AYGHDNJ3WBM_126_2_1_0 Label:LandscapeStreamingProxy_2_1_0 SpatiallyLoaded:1 Bounds:IsValid=true, Min=(X=-1540.000 Y=13800.000 Z=-100.000), Max=(X=-280.000 Y=15060.000 Z=100.000) RuntimeGrid:None EditorOnly:0 RuntimeOnly:0 HLODRelevant:1 ListedInSceneOutliner:1 IsMainWorldOnly:0
 |   |   |- Guid:A586996A4E2C38F7F5AF84AEC88DFF6A BaseClass:/Game/VehicleTemplate/Blueprints/OffroadCar/AI.AI_C NativeClass:/Script/ChaosVehicles.WheeledVehiclePawn Name:AI_C_UAID_2C58B90D93E125ED01_1887468948 Label:AI SpatiallyLoaded:1 Bounds:IsValid=true, Min=(X=164.800 Y=15370.200 Z=0.800), Max=(X=570.000 Y=15749.800 Z=158.661) RuntimeGrid:None EditorOnly:0 RuntimeOnly:0 HLODRelevant:0 ListedInSceneOutliner:1 IsMainWorldOnly:0
 |   |   |- Guid:A5D6E6BB46BAC15E6D356990E1F7F480 BaseClass: NativeClass:/Script/Engine.DirectionalLight Name:DirectionalLight_0 Label:DirectionalLight SpatiallyLoaded:0 Bounds:IsValid=true, Min=(X=-1048576.000 Y=-1048576.000 Z=-1048576.000), Max=(X=1048576.000 Y=1048576.000 Z=1048576.000) RuntimeGrid:None EditorOnly:0 RuntimeOnly:0 HLODRelevant:0 ListedInSceneOutliner:1 IsMainWorldOnly:0 FolderPath:Lighting FolderGuid:602030AD4CB26C050EF7B98FCA62FBCA
 |   |   |- Guid:A6ABCCAF4857AE8E40E6228F0FECD123 BaseClass: NativeClass:/Script/Landscape.Landscape Name:Landscape_0 Label:Landscape SpatiallyLoaded:0 Bounds:IsValid=true, Min=(X=-25200.000 Y=-25200.000 Z=0.000), Max=(X=-25200.000 Y=-25200.000 Z=0.000) RuntimeGrid:None EditorOnly:0 RuntimeOnly:0 HLODRelevant:0 ListedInSceneOutliner:1 IsMainWorldOnly:0 FolderPath:Landscape FolderGuid:912F765E4714A1DB296369A3E4390900
 |   |   |- Guid:AB3D653A48C4F01FAA4F39A2698C3518 BaseClass: NativeClass:/Script/Engine.SkyAtmosphere Name:SkyAtmosphere_0 Label:SkyAtmosphere SpatiallyLoaded:0 Bounds:IsValid=true, Min=(X=-12600.000 Y=-12600.000 Z=920.000), Max=(X=-12600.000 Y=-12600.000 Z=920.000) RuntimeGrid:None EditorOnly:0 RuntimeOnly:0 HLODRelevant:0 ListedInSceneOutliner:1 IsMainWorldOnly:0 FolderPath:Lighting FolderGuid:602030AD4CB26C050EF7B98FCA62FBCA
 |   |   |- Guid:B2F53DA9413C38059E44C1856519D65D BaseClass:/Game/VehicleTemplate/Blueprints/OffroadCar/AI.AI_C NativeClass:/Script/ChaosVehicles.WheeledVehiclePawn Name:AI_C_UAID_2C58B90D93E126ED01_2015185127 Label:AI3 SpatiallyLoaded:1 Bounds:IsValid=true, Min=(X=-9266.381 Y=7680.200 Z=-0.394), Max=(X=-8860.000 Y=8059.800 Z=158.661) RuntimeGrid:None EditorOnly:0 RuntimeOnly:0 HLODRelevant:0 ListedInSceneOutliner:1 IsMainWorldOnly:0
 |   |   |- Guid:BADB0C4C4CE2AFEBE0E228BE26D71AC6 BaseClass: NativeClass:/Script/Landscape.LandscapeStreamingProxy Name:LandscapeStreamingProxy_BN55SI9ETKGRY904720BQHPG3_1_0_1_0 Label:LandscapeStreamingProxy_0_1_0 SpatiallyLoaded:1 Bounds:IsValid=true, Min=(X=-12600.000 Y=0.000 Z=-100.000), Max=(X=0.000 Y=12600.000 Z=100.000) RuntimeGrid:None EditorOnly:0 RuntimeOnly:0 HLODRelevant:1 ListedInSceneOutliner:1 IsMainWorldOnly:0
 |   |   |- Guid:C1740C534182BBE8E0E61F932AF9A409 BaseClass:/Game/VehicleTemplate/Blueprints/OffroadCar/AI.AI_C NativeClass:/Script/ChaosVehicles.WheeledVehiclePawn Name:AI_C_UAID_2C58B90D93E126ED01_2015367128 Label:AI4 SpatiallyLoaded:1 Bounds:IsValid=true, Min=(X=-1756.381 Y=3570.200 Z=-0.394), Max=(X=-1350.000 Y=3949.800 Z=158.661) RuntimeGrid:None EditorOnly:0 RuntimeOnly:0 HLODRelevant:0 ListedInSceneOutliner:1 IsMainWorldOnly:0
 |   |   |- Guid:C78F1BA94DAD00D386576C8FEEA2FCD8 BaseClass: NativeClass:/Script/Landscape.LandscapeStreamingProxy Name:LandscapeStreamingProxy_0H1VCBQNYQTDZ0AYGHDNJ3WBM_126_3_2_0 Label:LandscapeStreamingProxy_3_2_0 SpatiallyLoaded:1 Bounds:IsValid=true, Min=(X=-280.000 Y=15060.000 Z=-100.000), Max=(X=980.000 Y=16320.000 Z=100.000) RuntimeGrid:None EditorOnly:0 RuntimeOnly:0 HLODRelevant:1 ListedInSceneOutliner:1 IsMainWorldOnly:0
 |   |   |- Guid:CA3C0F6345B2DA9E299ED5BEE611655B BaseClass: NativeClass:/Script/Engine.ExponentialHeightFog Name:ExponentialHeightFog_0 Label:ExponentialHeightFog SpatiallyLoaded:0 Bounds:IsValid=true, Min=(X=-18200.000 Y=-12650.000 Z=-6950.000), Max=(X=-18200.000 Y=-12650.000 Z=-6950.000) RuntimeGrid:None EditorOnly:0 RuntimeOnly:0 HLODRelevant:0 ListedInSceneOutliner:1 IsMainWorldOnly:0 FolderPath:Lighting FolderGuid:602030AD4CB26C050EF7B98FCA62FBCA
 |   |   |- Guid:D3BB581D4063B378732A8EB1F5EC7CB4 BaseClass: NativeClass:/Script/Landscape.LandscapeStreamingProxy Name:LandscapeStreamingProxy_0H1VCBQNYQTDZ0AYGHDNJ3WBM_126_0_1_0 Label:LandscapeStreamingProxy_0_1_0 SpatiallyLoaded:1 Bounds:IsValid=true, Min=(X=-4060.000 Y=13800.000 Z=-100.000), Max=(X=-2800.000 Y=15060.000 Z=100.000) RuntimeGrid:None EditorOnly:0 RuntimeOnly:0 HLODRelevant:1 ListedInSceneOutliner:1 IsMainWorldOnly:0
 |   |   |- Guid:D5CE1A3946843967B0D1A493A9ED5CF6 BaseClass: NativeClass:/Script/Engine.PostProcessVolume Name:PostProcessVolume_0 Label:PostProcessVolume SpatiallyLoaded:0 Bounds:IsValid=true, Min=(X=-12600.000 Y=-12600.000 Z=300.000), Max=(X=-12400.000 Y=-12400.000 Z=500.000) RuntimeGrid:None EditorOnly:0 RuntimeOnly:0 HLODRelevant:0 ListedInSceneOutliner:1 IsMainWorldOnly:0 FolderPath:Lighting FolderGuid:602030AD4CB26C050EF7B98FCA62FBCA
 |   |   |- Guid:D95B7A604C343F8D0713B88B494A40CE BaseClass: NativeClass:/Script/Landscape.LandscapeStreamingProxy Name:LandscapeStreamingProxy_0H1VCBQNYQTDZ0AYGHDNJ3WBM_126_3_0_0 Label:LandscapeStreamingProxy_3_0_0 SpatiallyLoaded:1 Bounds:IsValid=true, Min=(X=-280.000 Y=12540.000 Z=-100.000), Max=(X=980.000 Y=13800.000 Z=100.000) RuntimeGrid:None EditorOnly:0 RuntimeOnly:0 HLODRelevant:1 ListedInSceneOutliner:1 IsMainWorldOnly:0
 |   |   |- Guid:DB51ECF7439E5272D96AEF83EF77B392 BaseClass: NativeClass:/Script/Landscape.LandscapeStreamingProxy Name:LandscapeStreamingProxy_BN55SI9ETKGRY904720BQHPG3_1_1_1_0 Label:LandscapeStreamingProxy_1_1_0 SpatiallyLoaded:1 Bounds:IsValid=true, Min=(X=0.000 Y=0.000 Z=-100.000), Max=(X=12600.000 Y=12600.000 Z=100.000) RuntimeGrid:None EditorOnly:0 RuntimeOnly:0 HLODRelevant:1 ListedInSceneOutliner:1 IsMainWorldOnly:0
 |   |   |- Guid:DE73C4914B6D8425B3F8FBB7D3048DDE BaseClass: NativeClass:/Script/Landscape.LandscapeStreamingProxy Name:LandscapeStreamingProxy_0H1VCBQNYQTDZ0AYGHDNJ3WBM_126_2_0_0 Label:LandscapeStreamingProxy_2_0_0 SpatiallyLoaded:1 Bounds:IsValid=true, Min=(X=-1540.000 Y=12540.000 Z=-100.000), Max=(X=-280.000 Y=13800.000 Z=100.000) RuntimeGrid:None EditorOnly:0 RuntimeOnly:0 HLODRelevant:1 ListedInSceneOutliner:1 IsMainWorldOnly:0
 |   |   |- Guid:E1044C044ABF3BD6B5B6A4AEE59D7294 BaseClass:/Game/Blueprint_Cho/BP_Road.BP_Road_C NativeClass:/Script/Engine.Actor Name:BP_Road_C_UAID_2C58B90D93E1D3EC01_1235906541 Label:BP_Road SpatiallyLoaded:1 Bounds:IsValid=true, Min=(X=-12232.469 Y=-8450.140 Z=0.000), Max=(X=9839.364 Y=18668.128 Z=0.000) RuntimeGrid:None EditorOnly:0 RuntimeOnly:0 HLODRelevant:0 ListedInSceneOutliner:1 IsMainWorldOnly:0
 |   |   |- Guid:E8F13B8E4EA526FD8916779AC28C5C55 BaseClass:/Game/VehicleTemplate/Blueprints/OffroadCar/AI.AI_C NativeClass:/Script/ChaosVehicles.WheeledVehiclePawn Name:AI_C_UAID_2C58B90D93E126ED01_2015811129 Label:AI5 SpatiallyLoaded:1 Bounds:IsValid=true, Min=(X=-3036.381 Y=5910.200 Z=-0.394), Max=(X=-2630.000 Y=6289.800 Z=158.661) RuntimeGrid:None EditorOnly:0 RuntimeOnly:0 HLODRelevant:0 ListedInSceneOutliner:1 IsMainWorldOnly:0
 |   |   |- Guid:F1596BC84601C7065955C4AAFEA77D13 BaseClass: NativeClass:/Script/Landscape.LandscapeStreamingProxy Name:LandscapeStreamingProxy_0H1VCBQNYQTDZ0AYGHDNJ3WBM_126_3_1_0 Label:LandscapeStreamingProxy_3_1_0 SpatiallyLoaded:1 Bounds:IsValid=true, Min=(X=-280.000 Y=13800.000 Z=-100.000), Max=(X=980.000 Y=15060.000 Z=100.000) RuntimeGrid:None EditorOnly:0 RuntimeOnly:0 HLODRelevant:1 ListedInSceneOutliner:1 IsMainWorldOnly:0
 |   |   |- Guid:FD06D98F4BDE1A797FF3D0AA6658BD2E BaseClass: NativeClass:/Script/Engine.TextRenderActor Name:TextRenderActor_1 Label:TextRenderActor SpatiallyLoaded:1 Bounds:IsValid=true, Min=(X=-12610.004 Y=-661.458 Z=70.598), Max=(X=-12609.996 Y=661.619 Z=270.598) RuntimeGrid:None EditorOnly:0 RuntimeOnly:0 HLODRelevant:0 ListedInSceneOutliner:1 IsMainWorldOnly:0
 |   |- [+] Clusters:
 |   |   |- [+] [  0]
 |   |   |   |- Guid:014992A5412E32EED5B06AA1E820BB63 BaseClass:/Game/TruckTrailer/Trailers/TankerTrailer/Blueprints/Tanker_Trailer.Tanker_Trailer_C NativeClass:/Script/ChaosVehicles.WheeledVehiclePawn Name:Tanker_Trailer_C_UAID_2C58B90D93E1D1EC01_2143477186 Label:Tanker_Trailer SpatiallyLoaded:1 Bounds:IsValid=true, Min=(X=4615.348 Y=-431.626 Z=-253.426), Max=(X=7121.582 Y=1849.777 Z=760.330) RuntimeGrid:None EditorOnly:0 RuntimeOnly:0 HLODRelevant:0 ListedInSceneOutliner:1 IsMainWorldOnly:0
 |   |   |- [+] [  1]
 |   |   |   |- Guid:0508C0714F2F14B5D3133BB475A91623 BaseClass: NativeClass:/Script/Landscape.Landscape Name:Landscape_UAID_2C58B90D93E123ED01_1247388593 Label:Landscape2 SpatiallyLoaded:0 Bounds:IsValid=true, Min=(X=-4060.000 Y=12540.000 Z=0.000), Max=(X=-4060.000 Y=12540.000 Z=0.000) RuntimeGrid:None EditorOnly:0 RuntimeOnly:0 HLODRelevant:0 ListedInSceneOutliner:1 IsMainWorldOnly:0
 |   |   |- [+] [  2]
 |   |   |   |- Guid:05134C99468894E7AFD5008597ACCD78 BaseClass:/Game/TruckTrailer/Truck/Blueprints/Truck_BP.Truck_BP_C NativeClass:/Script/ChaosVehicles.WheeledVehiclePawn Name:Truck_BP_C_UAID_2C58B90D93E1D1EC01_2124998184 Label:Truck_BP SpatiallyLoaded:1 Bounds:IsValid=true, Min=(X=4833.533 Y=-2955.260 Z=-80.000), Max=(X=5496.521 Y=-2239.268 Z=442.797) RuntimeGrid:None EditorOnly:0 RuntimeOnly:0 HLODRelevant:0 ListedInSceneOutliner:1 IsMainWorldOnly:0
 |   |   |- [+] [  3]
 |   |   |   |- Guid:08A6CBFE4AB9DFC8529A8FA2E09269E9 BaseClass: NativeClass:/Script/Landscape.LandscapeStreamingProxy Name:LandscapeStreamingProxy_0H1VCBQNYQTDZ0AYGHDNJ3WBM_126_0_2_0 Label:LandscapeStreamingProxy_0_2_0 SpatiallyLoaded:1 Bounds:IsValid=true, Min=(X=-4060.000 Y=15060.000 Z=-100.000), Max=(X=-2800.000 Y=16320.000 Z=100.000) RuntimeGrid:None EditorOnly:0 RuntimeOnly:0 HLODRelevant:1 ListedInSceneOutliner:1 IsMainWorldOnly:0
 |   |   |- [+] [  4]
 |   |   |   |- Guid:14A7C43E434D3DE5B4C62988AF507A08 BaseClass: NativeClass:/Script/Landscape.LandscapeSplineActor Name:LandscapeSplineActor_UAID_2C58B90D93E1D0EC01_1980129005 Label:LandscapeSplineActor7 SpatiallyLoaded:1 Bounds:IsValid=true, Min=(X=-17763.850 Y=-18681.451 Z=-125.131), Max=(X=22960.470 Y=20987.914 Z=874.987) RuntimeGrid:None EditorOnly:0 RuntimeOnly:0 HLODRelevant:1 ListedInSceneOutliner:1 IsMainWorldOnly:0
 |   |   |- [+] [  5]
 |   |   |   |- Guid:171313D0407C3F64D2D4B296EC558C63 BaseClass: NativeClass:/Script/Landscape.LandscapeStreamingProxy Name:LandscapeStreamingProxy_BN55SI9ETKGRY904720BQHPG3_1_1_0_0 Label:LandscapeStreamingProxy_1_0_0 SpatiallyLoaded:1 Bounds:IsValid=true, Min=(X=0.000 Y=-12600.000 Z=-100.000), Max=(X=12600.000 Y=0.000 Z=100.000) RuntimeGrid:None EditorOnly:0 RuntimeOnly:0 HLODRelevant:1 ListedInSceneOutliner:1 IsMainWorldOnly:0
 |   |   |- [+] [  6]
 |   |   |   |- Guid:1BD9F9864902A45EA13D13882269FA88 BaseClass: NativeClass:/Script/Landscape.LandscapeStreamingProxy Name:LandscapeStreamingProxy_0H1VCBQNYQTDZ0AYGHDNJ3WBM_126_2_3_0 Label:LandscapeStreamingProxy_2_3_0 SpatiallyLoaded:1 Bounds:IsValid=true, Min=(X=-1540.000 Y=16320.000 Z=-100.000), Max=(X=-280.000 Y=17580.000 Z=100.000) RuntimeGrid:None EditorOnly:0 RuntimeOnly:0 HLODRelevant:1 ListedInSceneOutliner:1 IsMainWorldOnly:0
 |   |   |- [+] [  7]
 |   |   |   |- Guid:1C9CB92A4B7089F073A211AF3CBD68B7 BaseClass: NativeClass:/Script/Landscape.LandscapeStreamingProxy Name:LandscapeStreamingProxy_0H1VCBQNYQTDZ0AYGHDNJ3WBM_126_0_3_0 Label:LandscapeStreamingProxy_0_3_0 SpatiallyLoaded:1 Bounds:IsValid=true, Min=(X=-4060.000 Y=16320.000 Z=-100.000), Max=(X=-2800.000 Y=17580.000 Z=100.000) RuntimeGrid:None EditorOnly:0 RuntimeOnly:0 HLODRelevant:1 ListedInSceneOutliner:1 IsMainWorldOnly:0
 |   |   |- [+] [  8]
 |   |   |   |- Guid:1FE258E9485A5A2EEAEC629E74DF87EC BaseClass: NativeClass:/Script/Landscape.LandscapeStreamingProxy Name:LandscapeStreamingProxy_0H1VCBQNYQTDZ0AYGHDNJ3WBM_126_1_0_0 Label:LandscapeStreamingProxy_1_0_0 SpatiallyLoaded:1 Bounds:IsValid=true, Min=(X=-2800.000 Y=12540.000 Z=-100.000), Max=(X=-1540.000 Y=13800.000 Z=100.000) RuntimeGrid:None EditorOnly:0 RuntimeOnly:0 HLODRelevant:1 ListedInSceneOutliner:1 IsMainWorldOnly:0
 |   |   |- [+] [  9]
 |   |   |   |- Guid:25E856F042412E1485596BAE8A5ABA38 BaseClass: NativeClass:/Script/Landscape.LandscapeStreamingProxy Name:LandscapeStreamingProxy_BN55SI9ETKGRY904720BQHPG3_1_0_0_0 Label:LandscapeStreamingProxy_0_0_0 SpatiallyLoaded:1 Bounds:IsValid=true, Min=(X=-12600.000 Y=-12600.000 Z=-100.000), Max=(X=0.000 Y=0.000 Z=100.000) RuntimeGrid:None EditorOnly:0 RuntimeOnly:0 HLODRelevant:1 ListedInSceneOutliner:1 IsMainWorldOnly:0
 |   |   |- [+] [ 10]
 |   |   |   |- Guid:270995F94E718FF1C3783990BE595E06 BaseClass: NativeClass:/Script/Landscape.LandscapeStreamingProxy Name:LandscapeStreamingProxy_0H1VCBQNYQTDZ0AYGHDNJ3WBM_126_1_2_0 Label:LandscapeStreamingProxy_1_2_0 SpatiallyLoaded:1 Bounds:IsValid=true, Min=(X=-2800.000 Y=15060.000 Z=-100.000), Max=(X=-1540.000 Y=16320.000 Z=100.000) RuntimeGrid:None EditorOnly:0 RuntimeOnly:0 HLODRelevant:1 ListedInSceneOutliner:1 IsMainWorldOnly:0
 |   |   |- [+] [ 11]
 |   |   |   |- Guid:2CEDB4F840433214A64DD7AA98B967A4 BaseClass: NativeClass:/Script/Landscape.LandscapeStreamingProxy Name:LandscapeStreamingProxy_0H1VCBQNYQTDZ0AYGHDNJ3WBM_126_2_2_0 Label:LandscapeStreamingProxy_2_2_0 SpatiallyLoaded:1 Bounds:IsValid=true, Min=(X=-1540.000 Y=15060.000 Z=-100.000), Max=(X=-280.000 Y=16320.000 Z=100.000) RuntimeGrid:None EditorOnly:0 RuntimeOnly:0 HLODRelevant:1 ListedInSceneOutliner:1 IsMainWorldOnly:0
 |   |   |- [+] [ 12]
 |   |   |   |- Guid:457C26804ECCA40F34C76093BBEDB2A8 BaseClass: NativeClass:/Script/Landscape.LandscapeStreamingProxy Name:LandscapeStreamingProxy_0H1VCBQNYQTDZ0AYGHDNJ3WBM_126_1_1_0 Label:LandscapeStreamingProxy_1_1_0 SpatiallyLoaded:1 Bounds:IsValid=true, Min=(X=-2800.000 Y=13800.000 Z=-100.000), Max=(X=-1540.000 Y=15060.000 Z=100.000) RuntimeGrid:None EditorOnly:0 RuntimeOnly:0 HLODRelevant:1 ListedInSceneOutliner:1 IsMainWorldOnly:0
 |   |   |- [+] [ 13]
 |   |   |   |- Guid:4692480948D231C720C6F994B5C7B65D BaseClass:/Game/VehicleTemplate/Blueprints/OffroadCar/AI.AI_C NativeClass:/Script/ChaosVehicles.WheeledVehiclePawn Name:AI_C_UAID_2C58B90D93E126ED01_2015017126 Label:AI2 SpatiallyLoaded:1 Bounds:IsValid=true, Min=(X=-7116.381 Y=3450.200 Z=-0.394), Max=(X=-6710.000 Y=3829.800 Z=158.661) RuntimeGrid:None EditorOnly:0 RuntimeOnly:0 HLODRelevant:0 ListedInSceneOutliner:1 IsMainWorldOnly:0
 |   |   |- [+] [ 14]
 |   |   |   |- Guid:5F1CE32C45DBB3E9D80C48BE74374D7E BaseClass: NativeClass:/Script/Landscape.LandscapeSplineActor Name:LandscapeSplineActor_UAID_2C58B90D93E1D2EC01_1087119363 Label:LandscapeSplineActor SpatiallyLoaded:1 Bounds:IsValid=true, Min=(X=2056.699 Y=-3758.808 Z=-125.036), Max=(X=8848.886 Y=3010.353 Z=874.975) RuntimeGrid:None EditorOnly:0 RuntimeOnly:0 HLODRelevant:1 ListedInSceneOutliner:1 IsMainWorldOnly:0
 |   |   |- [+] [ 15]
 |   |   |   |- Guid:606ADBB54B5C426261BF88B2BDABFA79 BaseClass: NativeClass:/Script/Landscape.LandscapeStreamingProxy Name:LandscapeStreamingProxy_0H1VCBQNYQTDZ0AYGHDNJ3WBM_126_0_0_0 Label:LandscapeStreamingProxy_0_0_0 SpatiallyLoaded:1 Bounds:IsValid=true, Min=(X=-4060.000 Y=12540.000 Z=-100.000), Max=(X=-2800.000 Y=13800.000 Z=100.000) RuntimeGrid:None EditorOnly:0 RuntimeOnly:0 HLODRelevant:1 ListedInSceneOutliner:1 IsMainWorldOnly:0
 |   |   |- [+] [ 16]
 |   |   |   |- Guid:62B351BB423B9EABD5AE849DD1DFC408 BaseClass: NativeClass:/Script/Engine.VolumetricCloud Name:VolumetricCloud_0 Label:VolumetricCloud SpatiallyLoaded:0 Bounds:IsValid=true, Min=(X=-12600.000 Y=-12600.000 Z=720.000), Max=(X=-12600.000 Y=-12600.000 Z=720.000) RuntimeGrid:None EditorOnly:0 RuntimeOnly:0 HLODRelevant:0 ListedInSceneOutliner:1 IsMainWorldOnly:0 FolderPath:Lighting FolderGuid:602030AD4CB26C050EF7B98FCA62FBCA
 |   |   |- [+] [ 17]
 |   |   |   |- Guid:651E606A445637A139F03E8E129B843C BaseClass: NativeClass:/Script/Landscape.LandscapeStreamingProxy Name:LandscapeStreamingProxy_0H1VCBQNYQTDZ0AYGHDNJ3WBM_126_1_3_0 Label:LandscapeStreamingProxy_1_3_0 SpatiallyLoaded:1 Bounds:IsValid=true, Min=(X=-2800.000 Y=16320.000 Z=-100.000), Max=(X=-1540.000 Y=17580.000 Z=100.000) RuntimeGrid:None EditorOnly:0 RuntimeOnly:0 HLODRelevant:1 ListedInSceneOutliner:1 IsMainWorldOnly:0
 |   |   |- [+] [ 18]
 |   |   |   |- Guid:66C6D5334C54828C0FC13494686B771E BaseClass:/Game/TruckTrailer/Trailers/ContainerTrailer/Blueprints/Container_Trailer.Container_Trailer_C NativeClass:/Script/ChaosVehicles.WheeledVehiclePawn Name:Container_Trailer_C_UAID_2C58B90D93E1D1EC01_2138059185 Label:Container_Trailer SpatiallyLoaded:1 Bounds:IsValid=true, Min=(X=5345.909 Y=-897.956 Z=-241.803), Max=(X=7662.874 Y=1197.792 Z=725.462) RuntimeGrid:None EditorOnly:0 RuntimeOnly:0 HLODRelevant:0 ListedInSceneOutliner:1 IsMainWorldOnly:0
 |   |   |- [+] [ 19]
 |   |   |   |- Guid:6A1C7CE945AD720405A2B8A0CDC31EEA BaseClass: NativeClass:/Script/Engine.WorldDataLayers Name:WorldDataLayers Label:WorldDataLayers-1 SpatiallyLoaded:0 Bounds:IsValid=true, Min=(X=0.000 Y=0.000 Z=0.000), Max=(X=0.000 Y=0.000 Z=0.000) RuntimeGrid:None EditorOnly:0 RuntimeOnly:0 HLODRelevant:0 ListedInSceneOutliner:1 IsMainWorldOnly:1
 |   |   |- [+] [ 20]
 |   |   |   |- Guid:6B337CAD4C563049716FB399D124EC3D BaseClass: NativeClass:/Script/Engine.SkyLight Name:SkyLight_1 Label:SkyLight SpatiallyLoaded:0 Bounds:IsValid=true, Min=(X=-12600.000 Y=-12600.000 Z=590.000), Max=(X=-12600.000 Y=-12600.000 Z=590.000) RuntimeGrid:None EditorOnly:0 RuntimeOnly:0 HLODRelevant:0 ListedInSceneOutliner:1 IsMainWorldOnly:0 FolderPath:Lighting FolderGuid:602030AD4CB26C050EF7B98FCA62FBCA
 |   |   |- [+] [ 21]
 |   |   |   |- Guid:6EE938084EFA286100C25192921D2271 BaseClass: NativeClass:/Script/Landscape.LandscapeStreamingProxy Name:LandscapeStreamingProxy_0H1VCBQNYQTDZ0AYGHDNJ3WBM_126_3_3_0 Label:LandscapeStreamingProxy_3_3_0 SpatiallyLoaded:1 Bounds:IsValid=true, Min=(X=-280.000 Y=16320.000 Z=-100.000), Max=(X=980.000 Y=17580.000 Z=100.000) RuntimeGrid:None EditorOnly:0 RuntimeOnly:0 HLODRelevant:1 ListedInSceneOutliner:1 IsMainWorldOnly:0
 |   |   |- [+] [ 22]
 |   |   |   |- Guid:72DD4D594456AA5636CB3DA58AA66F72 BaseClass:/Game/VehicleTemplate/Blueprints/SportsCar/AI_Car.AI_Car_C NativeClass:/Script/ChaosVehicles.WheeledVehiclePawn Name:AI_Car_C_UAID_2C58B90D93E123ED01_2093663594 Label:AI_Car SpatiallyLoaded:1 Bounds:IsValid=true, Min=(X=-1543.507 Y=12269.350 Z=-4.659), Max=(X=-1072.406 Y=12530.650 Z=131.318) RuntimeGrid:None EditorOnly:0 RuntimeOnly:0 HLODRelevant:0 ListedInSceneOutliner:1 IsMainWorldOnly:0
 |   |   |- [+] [ 23]
 |   |   |   |- Guid:72FBA45F474AD6B89F11049FCA83748F BaseClass: NativeClass:/Script/Engine.StaticMeshActor Name:StaticMeshActor_UAID_A4AE111137DC5DFB00_1630210247 Label:SM_SkySphere SpatiallyLoaded:1 Bounds:IsValid=true, Min=(X=-1638400.000 Y=-1638400.000 Z=-1638400.000), Max=(X=1638400.000 Y=1638400.000 Z=1638400.000) RuntimeGrid:None EditorOnly:0 RuntimeOnly:0 HLODRelevant:1 ListedInSceneOutliner:1 IsMainWorldOnly:0 FolderPath:Lighting FolderGuid:602030AD4CB26C050EF7B98FCA62FBCA
 |   |   |- [+] [ 24]
 |   |   |   |- Guid:8C0FA1084325C13D99C659A1CE031414 BaseClass: NativeClass:/Script/Engine.PlayerStart Name:PlayerStart_1 Label:PlayerStart SpatiallyLoaded:0 Bounds:IsValid=true, Min=(X=-3530.000 Y=-9370.000 Z=9.935), Max=(X=-3450.000 Y=-9290.000 Z=101.935) RuntimeGrid:None EditorOnly:0 RuntimeOnly:0 HLODRelevant:0 ListedInSceneOutliner:1 IsMainWorldOnly:0
 |   |   |- [+] [ 25]
 |   |   |   |- Guid:9138BD84461B2D59F47C8A806827D71B BaseClass: NativeClass:/Script/Landscape.LandscapeStreamingProxy Name:LandscapeStreamingProxy_0H1VCBQNYQTDZ0AYGHDNJ3WBM_126_2_1_0 Label:LandscapeStreamingProxy_2_1_0 SpatiallyLoaded:1 Bounds:IsValid=true, Min=(X=-1540.000 Y=13800.000 Z=-100.000), Max=(X=-280.000 Y=15060.000 Z=100.000) RuntimeGrid:None EditorOnly:0 RuntimeOnly:0 HLODRelevant:1 ListedInSceneOutliner:1 IsMainWorldOnly:0
 |   |   |- [+] [ 26]
 |   |   |   |- Guid:A586996A4E2C38F7F5AF84AEC88DFF6A BaseClass:/Game/VehicleTemplate/Blueprints/OffroadCar/AI.AI_C NativeClass:/Script/ChaosVehicles.WheeledVehiclePawn Name:AI_C_UAID_2C58B90D93E125ED01_1887468948 Label:AI SpatiallyLoaded:1 Bounds:IsValid=true, Min=(X=164.800 Y=15370.200 Z=0.800), Max=(X=570.000 Y=15749.800 Z=158.661) RuntimeGrid:None EditorOnly:0 RuntimeOnly:0 HLODRelevant:0 ListedInSceneOutliner:1 IsMainWorldOnly:0
 |   |   |- [+] [ 27]
 |   |   |   |- Guid:A5D6E6BB46BAC15E6D356990E1F7F480 BaseClass: NativeClass:/Script/Engine.DirectionalLight Name:DirectionalLight_0 Label:DirectionalLight SpatiallyLoaded:0 Bounds:IsValid=true, Min=(X=-1048576.000 Y=-1048576.000 Z=-1048576.000), Max=(X=1048576.000 Y=1048576.000 Z=1048576.000) RuntimeGrid:None EditorOnly:0 RuntimeOnly:0 HLODRelevant:0 ListedInSceneOutliner:1 IsMainWorldOnly:0 FolderPath:Lighting FolderGuid:602030AD4CB26C050EF7B98FCA62FBCA
 |   |   |- [+] [ 28]
 |   |   |   |- Guid:A6ABCCAF4857AE8E40E6228F0FECD123 BaseClass: NativeClass:/Script/Landscape.Landscape Name:Landscape_0 Label:Landscape SpatiallyLoaded:0 Bounds:IsValid=true, Min=(X=-25200.000 Y=-25200.000 Z=0.000), Max=(X=-25200.000 Y=-25200.000 Z=0.000) RuntimeGrid:None EditorOnly:0 RuntimeOnly:0 HLODRelevant:0 ListedInSceneOutliner:1 IsMainWorldOnly:0 FolderPath:Landscape FolderGuid:912F765E4714A1DB296369A3E4390900
 |   |   |- [+] [ 29]
 |   |   |   |- Guid:AB3D653A48C4F01FAA4F39A2698C3518 BaseClass: NativeClass:/Script/Engine.SkyAtmosphere Name:SkyAtmosphere_0 Label:SkyAtmosphere SpatiallyLoaded:0 Bounds:IsValid=true, Min=(X=-12600.000 Y=-12600.000 Z=920.000), Max=(X=-12600.000 Y=-12600.000 Z=920.000) RuntimeGrid:None EditorOnly:0 RuntimeOnly:0 HLODRelevant:0 ListedInSceneOutliner:1 IsMainWorldOnly:0 FolderPath:Lighting FolderGuid:602030AD4CB26C050EF7B98FCA62FBCA
 |   |   |- [+] [ 30]
 |   |   |   |- Guid:B2F53DA9413C38059E44C1856519D65D BaseClass:/Game/VehicleTemplate/Blueprints/OffroadCar/AI.AI_C NativeClass:/Script/ChaosVehicles.WheeledVehiclePawn Name:AI_C_UAID_2C58B90D93E126ED01_2015185127 Label:AI3 SpatiallyLoaded:1 Bounds:IsValid=true, Min=(X=-9266.381 Y=7680.200 Z=-0.394), Max=(X=-8860.000 Y=8059.800 Z=158.661) RuntimeGrid:None EditorOnly:0 RuntimeOnly:0 HLODRelevant:0 ListedInSceneOutliner:1 IsMainWorldOnly:0
 |   |   |- [+] [ 31]
 |   |   |   |- Guid:BADB0C4C4CE2AFEBE0E228BE26D71AC6 BaseClass: NativeClass:/Script/Landscape.LandscapeStreamingProxy Name:LandscapeStreamingProxy_BN55SI9ETKGRY904720BQHPG3_1_0_1_0 Label:LandscapeStreamingProxy_0_1_0 SpatiallyLoaded:1 Bounds:IsValid=true, Min=(X=-12600.000 Y=0.000 Z=-100.000), Max=(X=0.000 Y=12600.000 Z=100.000) RuntimeGrid:None EditorOnly:0 RuntimeOnly:0 HLODRelevant:1 ListedInSceneOutliner:1 IsMainWorldOnly:0
 |   |   |- [+] [ 32]
 |   |   |   |- Guid:C1740C534182BBE8E0E61F932AF9A409 BaseClass:/Game/VehicleTemplate/Blueprints/OffroadCar/AI.AI_C NativeClass:/Script/ChaosVehicles.WheeledVehiclePawn Name:AI_C_UAID_2C58B90D93E126ED01_2015367128 Label:AI4 SpatiallyLoaded:1 Bounds:IsValid=true, Min=(X=-1756.381 Y=3570.200 Z=-0.394), Max=(X=-1350.000 Y=3949.800 Z=158.661) RuntimeGrid:None EditorOnly:0 RuntimeOnly:0 HLODRelevant:0 ListedInSceneOutliner:1 IsMainWorldOnly:0
 |   |   |- [+] [ 33]
 |   |   |   |- Guid:C78F1BA94DAD00D386576C8FEEA2FCD8 BaseClass: NativeClass:/Script/Landscape.LandscapeStreamingProxy Name:LandscapeStreamingProxy_0H1VCBQNYQTDZ0AYGHDNJ3WBM_126_3_2_0 Label:LandscapeStreamingProxy_3_2_0 SpatiallyLoaded:1 Bounds:IsValid=true, Min=(X=-280.000 Y=15060.000 Z=-100.000), Max=(X=980.000 Y=16320.000 Z=100.000) RuntimeGrid:None EditorOnly:0 RuntimeOnly:0 HLODRelevant:1 ListedInSceneOutliner:1 IsMainWorldOnly:0
 |   |   |- [+] [ 34]
 |   |   |   |- Guid:CA3C0F6345B2DA9E299ED5BEE611655B BaseClass: NativeClass:/Script/Engine.ExponentialHeightFog Name:ExponentialHeightFog_0 Label:ExponentialHeightFog SpatiallyLoaded:0 Bounds:IsValid=true, Min=(X=-18200.000 Y=-12650.000 Z=-6950.000), Max=(X=-18200.000 Y=-12650.000 Z=-6950.000) RuntimeGrid:None EditorOnly:0 RuntimeOnly:0 HLODRelevant:0 ListedInSceneOutliner:1 IsMainWorldOnly:0 FolderPath:Lighting FolderGuid:602030AD4CB26C050EF7B98FCA62FBCA
 |   |   |- [+] [ 35]
 |   |   |   |- Guid:D3BB581D4063B378732A8EB1F5EC7CB4 BaseClass: NativeClass:/Script/Landscape.LandscapeStreamingProxy Name:LandscapeStreamingProxy_0H1VCBQNYQTDZ0AYGHDNJ3WBM_126_0_1_0 Label:LandscapeStreamingProxy_0_1_0 SpatiallyLoaded:1 Bounds:IsValid=true, Min=(X=-4060.000 Y=13800.000 Z=-100.000), Max=(X=-2800.000 Y=15060.000 Z=100.000) RuntimeGrid:None EditorOnly:0 RuntimeOnly:0 HLODRelevant:1 ListedInSceneOutliner:1 IsMainWorldOnly:0
 |   |   |- [+] [ 36]
 |   |   |   |- Guid:D5CE1A3946843967B0D1A493A9ED5CF6 BaseClass: NativeClass:/Script/Engine.PostProcessVolume Name:PostProcessVolume_0 Label:PostProcessVolume SpatiallyLoaded:0 Bounds:IsValid=true, Min=(X=-12600.000 Y=-12600.000 Z=300.000), Max=(X=-12400.000 Y=-12400.000 Z=500.000) RuntimeGrid:None EditorOnly:0 RuntimeOnly:0 HLODRelevant:0 ListedInSceneOutliner:1 IsMainWorldOnly:0 FolderPath:Lighting FolderGuid:602030AD4CB26C050EF7B98FCA62FBCA
 |   |   |- [+] [ 37]
 |   |   |   |- Guid:D95B7A604C343F8D0713B88B494A40CE BaseClass: NativeClass:/Script/Landscape.LandscapeStreamingProxy Name:LandscapeStreamingProxy_0H1VCBQNYQTDZ0AYGHDNJ3WBM_126_3_0_0 Label:LandscapeStreamingProxy_3_0_0 SpatiallyLoaded:1 Bounds:IsValid=true, Min=(X=-280.000 Y=12540.000 Z=-100.000), Max=(X=980.000 Y=13800.000 Z=100.000) RuntimeGrid:None EditorOnly:0 RuntimeOnly:0 HLODRelevant:1 ListedInSceneOutliner:1 IsMainWorldOnly:0
 |   |   |- [+] [ 38]
 |   |   |   |- Guid:DB51ECF7439E5272D96AEF83EF77B392 BaseClass: NativeClass:/Script/Landscape.LandscapeStreamingProxy Name:LandscapeStreamingProxy_BN55SI9ETKGRY904720BQHPG3_1_1_1_0 Label:LandscapeStreamingProxy_1_1_0 SpatiallyLoaded:1 Bounds:IsValid=true, Min=(X=0.000 Y=0.000 Z=-100.000), Max=(X=12600.000 Y=12600.000 Z=100.000) RuntimeGrid:None EditorOnly:0 RuntimeOnly:0 HLODRelevant:1 ListedInSceneOutliner:1 IsMainWorldOnly:0
 |   |   |- [+] [ 39]
 |   |   |   |- Guid:DE73C4914B6D8425B3F8FBB7D3048DDE BaseClass: NativeClass:/Script/Landscape.LandscapeStreamingProxy Name:LandscapeStreamingProxy_0H1VCBQNYQTDZ0AYGHDNJ3WBM_126_2_0_0 Label:LandscapeStreamingProxy_2_0_0 SpatiallyLoaded:1 Bounds:IsValid=true, Min=(X=-1540.000 Y=12540.000 Z=-100.000), Max=(X=-280.000 Y=13800.000 Z=100.000) RuntimeGrid:None EditorOnly:0 RuntimeOnly:0 HLODRelevant:1 ListedInSceneOutliner:1 IsMainWorldOnly:0
 |   |   |- [+] [ 40]
 |   |   |   |- Guid:E1044C044ABF3BD6B5B6A4AEE59D7294 BaseClass:/Game/Blueprint_Cho/BP_Road.BP_Road_C NativeClass:/Script/Engine.Actor Name:BP_Road_C_UAID_2C58B90D93E1D3EC01_1235906541 Label:BP_Road SpatiallyLoaded:1 Bounds:IsValid=true, Min=(X=-12232.469 Y=-8450.140 Z=0.000), Max=(X=9839.364 Y=18668.128 Z=0.000) RuntimeGrid:None EditorOnly:0 RuntimeOnly:0 HLODRelevant:0 ListedInSceneOutliner:1 IsMainWorldOnly:0
 |   |   |- [+] [ 41]
 |   |   |   |- Guid:E8F13B8E4EA526FD8916779AC28C5C55 BaseClass:/Game/VehicleTemplate/Blueprints/OffroadCar/AI.AI_C NativeClass:/Script/ChaosVehicles.WheeledVehiclePawn Name:AI_C_UAID_2C58B90D93E126ED01_2015811129 Label:AI5 SpatiallyLoaded:1 Bounds:IsValid=true, Min=(X=-3036.381 Y=5910.200 Z=-0.394), Max=(X=-2630.000 Y=6289.800 Z=158.661) RuntimeGrid:None EditorOnly:0 RuntimeOnly:0 HLODRelevant:0 ListedInSceneOutliner:1 IsMainWorldOnly:0
 |   |   |- [+] [ 42]
 |   |   |   |- Guid:F1596BC84601C7065955C4AAFEA77D13 BaseClass: NativeClass:/Script/Landscape.LandscapeStreamingProxy Name:LandscapeStreamingProxy_0H1VCBQNYQTDZ0AYGHDNJ3WBM_126_3_1_0 Label:LandscapeStreamingProxy_3_1_0 SpatiallyLoaded:1 Bounds:IsValid=true, Min=(X=-280.000 Y=13800.000 Z=-100.000), Max=(X=980.000 Y=15060.000 Z=100.000) RuntimeGrid:None EditorOnly:0 RuntimeOnly:0 HLODRelevant:1 ListedInSceneOutliner:1 IsMainWorldOnly:0
 |   |   |- [+] [ 43]
 |   |   |   |- Guid:FD06D98F4BDE1A797FF3D0AA6658BD2E BaseClass: NativeClass:/Script/Engine.TextRenderActor Name:TextRenderActor_1 Label:TextRenderActor SpatiallyLoaded:1 Bounds:IsValid=true, Min=(X=-12610.004 Y=-661.458 Z=70.598), Max=(X=-12609.996 Y=661.619 Z=270.598) RuntimeGrid:None EditorOnly:0 RuntimeOnly:0 HLODRelevant:0 ListedInSceneOutliner:1 IsMainWorldOnly:0
 |- ContainerInstances:
 |- [+] MainContainer:
 |   |-        ID: 00000000000000000000000000000000
 |   |-  ParentID: 00000000000000000000000000000000
 |   |-    Bounds: IsValid=false, Min=(X=0.000 Y=0.000 Z=0.000), Max=(X=0.000 Y=0.000 Z=0.000)
 |   |- Transform: 0.000000,0.000000,0.000000|0.000000,0.000000,-0.000000|1.000000,1.000000,1.000000
 |   |- Container: /Game/VehicleTemplate/Maps/VehicleExampleMap
----------------------------------------------------------------------------------------------------------------
VehicleExampleMap - Persistent Level
----------------------------------------------------------------------------------------------------------------
[+] Content of VehicleExampleMap Persistent Level
 |- Always loaded Actor Count: 50 
 |- Actor Path: /Game/VehicleTemplate/Maps/VehicleExampleMap.VehicleExampleMap:PersistentLevel.AbstractNavData-Default
 |- Actor Package: /Game/VehicleTemplate/Maps/VehicleExampleMap
 |- Actor Path: /Game/VehicleTemplate/Maps/VehicleExampleMap.VehicleExampleMap:PersistentLevel.AI_C_UAID_2C58B90D93E125ED01_1887468948
 |- Actor Package: /Game/__ExternalActors__/VehicleTemplate/Maps/VehicleExampleMap/C/R4/2I0C9FUAIMAV70XKXCH8BH
 |- Actor Path: /Game/VehicleTemplate/Maps/VehicleExampleMap.VehicleExampleMap:PersistentLevel.AI_C_UAID_2C58B90D93E126ED01_2015017126
 |- Actor Package: /Game/__ExternalActors__/VehicleTemplate/Maps/VehicleExampleMap/3/J1/EMEYW29O3ZKLCVFL444X8H
 |- Actor Path: /Game/VehicleTemplate/Maps/VehicleExampleMap.VehicleExampleMap:PersistentLevel.AI_C_UAID_2C58B90D93E126ED01_2015185127
 |- Actor Package: /Game/__ExternalActors__/VehicleTemplate/Maps/VehicleExampleMap/8/59/SEZOSEK0VHGMBUR20AVGK1
 |- Actor Path: /Game/VehicleTemplate/Maps/VehicleExampleMap.VehicleExampleMap:PersistentLevel.AI_C_UAID_2C58B90D93E126ED01_2015367128
 |- Actor Package: /Game/__ExternalActors__/VehicleTemplate/Maps/VehicleExampleMap/0/UL/KFKNUCDR0WDAYW0OE24TDG
 |- Actor Path: /Game/VehicleTemplate/Maps/VehicleExampleMap.VehicleExampleMap:PersistentLevel.AI_C_UAID_2C58B90D93E126ED01_2015811129
 |- Actor Package: /Game/__ExternalActors__/VehicleTemplate/Maps/VehicleExampleMap/0/OC/WTE69GQGDEIAS4LFPZ823M
 |- Actor Path: /Game/VehicleTemplate/Maps/VehicleExampleMap.VehicleExampleMap:PersistentLevel.BP_Road_C_UAID_2C58B90D93E1D3EC01_1235906541
 |- Actor Package: /Game/__ExternalActors__/VehicleTemplate/Maps/VehicleExampleMap/7/0P/BBWVGOMER3QLHSQTPUUG2H
 |- Actor Path: /Game/VehicleTemplate/Maps/VehicleExampleMap.VehicleExampleMap:PersistentLevel.Brush_1
 |- Actor Package: /Game/VehicleTemplate/Maps/VehicleExampleMap
 |- Actor Path: /Game/VehicleTemplate/Maps/VehicleExampleMap.VehicleExampleMap:PersistentLevel.Container_Trailer_C_UAID_2C58B90D93E1D1EC01_2138059185
 |- Actor Package: /Game/__ExternalActors__/VehicleTemplate/Maps/VehicleExampleMap/5/SA/5N2PP5MMNS1ZLLO61F9UWX
 |- Actor Path: /Game/VehicleTemplate/Maps/VehicleExampleMap.VehicleExampleMap:PersistentLevel.DefaultPhysicsVolume_0
 |- Actor Package: /Game/VehicleTemplate/Maps/VehicleExampleMap
 |- Actor Path: /Game/VehicleTemplate/Maps/VehicleExampleMap.VehicleExampleMap:PersistentLevel.DirectionalLight_0
 |- Actor Package: /Game/__ExternalActors__/VehicleTemplate/Maps/VehicleExampleMap/D/HQ/JFSCDHM3DQXDWPJD8RHGWV
 |- Actor Path: /Game/VehicleTemplate/Maps/VehicleExampleMap.VehicleExampleMap:PersistentLevel.ExponentialHeightFog_0
 |- Actor Package: /Game/__ExternalActors__/VehicleTemplate/Maps/VehicleExampleMap/8/VZ/RO3QWXLUI0FCFWSB7PRWYH
 |- Actor Path: /Game/VehicleTemplate/Maps/VehicleExampleMap.VehicleExampleMap:PersistentLevel.GameplayDebuggerPlayerManager_0
 |- Actor Package: /Game/VehicleTemplate/Maps/VehicleExampleMap
 |- Actor Path: /Game/VehicleTemplate/Maps/VehicleExampleMap.VehicleExampleMap:PersistentLevel.Landscape_0
 |- Actor Package: /Game/__ExternalActors__/VehicleTemplate/Maps/VehicleExampleMap/7/J6/FATC6RSAGYSG8G4CTB1IAT
 |- Actor Path: /Game/VehicleTemplate/Maps/VehicleExampleMap.VehicleExampleMap:PersistentLevel.Landscape_UAID_2C58B90D93E123ED01_1247388593
 |- Actor Package: /Game/__ExternalActors__/VehicleTemplate/Maps/VehicleExampleMap/B/49/WN5WM7KN9RCNVI0ZWOVWHQ
 |- Actor Path: /Game/VehicleTemplate/Maps/VehicleExampleMap.VehicleExampleMap:PersistentLevel.LandscapeSplineActor_UAID_2C58B90D93E1D0EC01_1980129005
 |- Actor Package: /Game/__ExternalActors__/VehicleTemplate/Maps/VehicleExampleMap/4/8N/Q4WXM82HNGMHUMA99P1QSP
 |- Actor Path: /Game/VehicleTemplate/Maps/VehicleExampleMap.VehicleExampleMap:PersistentLevel.LandscapeSplineActor_UAID_2C58B90D93E1D2EC01_1087119363
 |- Actor Package: /Game/__ExternalActors__/VehicleTemplate/Maps/VehicleExampleMap/0/IN/WWYEVHA1SM84GGK7ANJB5R
 |- Actor Path: /Game/VehicleTemplate/Maps/VehicleExampleMap.VehicleExampleMap:PersistentLevel.LandscapeStreamingProxy_0H1VCBQNYQTDZ0AYGHDNJ3WBM_126_0_0_0
 |- Actor Package: /Game/__ExternalActors__/VehicleTemplate/Maps/VehicleExampleMap/D/FN/BEDCQT1JYNTOZA3U83PAVN
 |- Actor Path: /Game/VehicleTemplate/Maps/VehicleExampleMap.VehicleExampleMap:PersistentLevel.LandscapeStreamingProxy_0H1VCBQNYQTDZ0AYGHDNJ3WBM_126_0_1_0
 |- Actor Package: /Game/__ExternalActors__/VehicleTemplate/Maps/VehicleExampleMap/4/G6/A85HE33TL51PCI8WLLZ1O6
 |- Actor Path: /Game/VehicleTemplate/Maps/VehicleExampleMap.VehicleExampleMap:PersistentLevel.LandscapeStreamingProxy_0H1VCBQNYQTDZ0AYGHDNJ3WBM_126_0_2_0
 |- Actor Package: /Game/__ExternalActors__/VehicleTemplate/Maps/VehicleExampleMap/3/38/J67BKA49ZGWSIY4KBCKN0O
 |- Actor Path: /Game/VehicleTemplate/Maps/VehicleExampleMap.VehicleExampleMap:PersistentLevel.LandscapeStreamingProxy_0H1VCBQNYQTDZ0AYGHDNJ3WBM_126_0_3_0
 |- Actor Package: /Game/__ExternalActors__/VehicleTemplate/Maps/VehicleExampleMap/6/5W/T55MGPMJ47OM8DN455L2GD
 |- Actor Path: /Game/VehicleTemplate/Maps/VehicleExampleMap.VehicleExampleMap:PersistentLevel.LandscapeStreamingProxy_0H1VCBQNYQTDZ0AYGHDNJ3WBM_126_1_0_0
 |- Actor Package: /Game/__ExternalActors__/VehicleTemplate/Maps/VehicleExampleMap/E/QU/239X9DSN7EDRIVNWGSGJKZ
 |- Actor Path: /Game/VehicleTemplate/Maps/VehicleExampleMap.VehicleExampleMap:PersistentLevel.LandscapeStreamingProxy_0H1VCBQNYQTDZ0AYGHDNJ3WBM_126_1_1_0
 |- Actor Package: /Game/__ExternalActors__/VehicleTemplate/Maps/VehicleExampleMap/D/UN/EALXS1LN8PFKFLUU1GPW6Q
 |- Actor Path: /Game/VehicleTemplate/Maps/VehicleExampleMap.VehicleExampleMap:PersistentLevel.LandscapeStreamingProxy_0H1VCBQNYQTDZ0AYGHDNJ3WBM_126_1_2_0
 |- Actor Package: /Game/__ExternalActors__/VehicleTemplate/Maps/VehicleExampleMap/4/QD/F1EUZJH5MP9JH7HYA8DWJ0
 |- Actor Path: /Game/VehicleTemplate/Maps/VehicleExampleMap.VehicleExampleMap:PersistentLevel.LandscapeStreamingProxy_0H1VCBQNYQTDZ0AYGHDNJ3WBM_126_1_3_0
 |- Actor Package: /Game/__ExternalActors__/VehicleTemplate/Maps/VehicleExampleMap/6/OJ/D12EC9GRJ960GKTGZ6R8A5
 |- Actor Path: /Game/VehicleTemplate/Maps/VehicleExampleMap.VehicleExampleMap:PersistentLevel.LandscapeStreamingProxy_0H1VCBQNYQTDZ0AYGHDNJ3WBM_126_2_0_0
 |- Actor Package: /Game/__ExternalActors__/VehicleTemplate/Maps/VehicleExampleMap/8/9C/Q2X5JCG0CDS193SQ1M7MA1
 |- Actor Path: /Game/VehicleTemplate/Maps/VehicleExampleMap.VehicleExampleMap:PersistentLevel.LandscapeStreamingProxy_0H1VCBQNYQTDZ0AYGHDNJ3WBM_126_2_1_0
 |- Actor Package: /Game/__ExternalActors__/VehicleTemplate/Maps/VehicleExampleMap/B/K3/W1DITCY31I48UWFV3LV2R2
 |- Actor Path: /Game/VehicleTemplate/Maps/VehicleExampleMap.VehicleExampleMap:PersistentLevel.LandscapeStreamingProxy_0H1VCBQNYQTDZ0AYGHDNJ3WBM_126_2_2_0
 |- Actor Package: /Game/__ExternalActors__/VehicleTemplate/Maps/VehicleExampleMap/7/M5/8F3YPNUGKBFRIG5880VSYK
 |- Actor Path: /Game/VehicleTemplate/Maps/VehicleExampleMap.VehicleExampleMap:PersistentLevel.LandscapeStreamingProxy_0H1VCBQNYQTDZ0AYGHDNJ3WBM_126_2_3_0
 |- Actor Package: /Game/__ExternalActors__/VehicleTemplate/Maps/VehicleExampleMap/D/ZX/EU2EUC6MDN09HJ2RMPQ3S0
 |- Actor Path: /Game/VehicleTemplate/Maps/VehicleExampleMap.VehicleExampleMap:PersistentLevel.LandscapeStreamingProxy_0H1VCBQNYQTDZ0AYGHDNJ3WBM_126_3_0_0
 |- Actor Package: /Game/__ExternalActors__/VehicleTemplate/Maps/VehicleExampleMap/C/U7/BDPELM5PSJZQO3MCCKS7UI
 |- Actor Path: /Game/VehicleTemplate/Maps/VehicleExampleMap.VehicleExampleMap:PersistentLevel.LandscapeStreamingProxy_0H1VCBQNYQTDZ0AYGHDNJ3WBM_126_3_1_0
 |- Actor Package: /Game/__ExternalActors__/VehicleTemplate/Maps/VehicleExampleMap/A/AB/KBI939MRF3FPB4WCDMLI7J
 |- Actor Path: /Game/VehicleTemplate/Maps/VehicleExampleMap.VehicleExampleMap:PersistentLevel.LandscapeStreamingProxy_0H1VCBQNYQTDZ0AYGHDNJ3WBM_126_3_2_0
 |- Actor Package: /Game/__ExternalActors__/VehicleTemplate/Maps/VehicleExampleMap/7/RY/0RO49WXUJC2ZXXKNEJ32TP
 |- Actor Path: /Game/VehicleTemplate/Maps/VehicleExampleMap.VehicleExampleMap:PersistentLevel.LandscapeStreamingProxy_0H1VCBQNYQTDZ0AYGHDNJ3WBM_126_3_3_0
 |- Actor Package: /Game/__ExternalActors__/VehicleTemplate/Maps/VehicleExampleMap/1/9T/0TQ31DF46Q3NGPEL8YW8PD
 |- Actor Path: /Game/VehicleTemplate/Maps/VehicleExampleMap.VehicleExampleMap:PersistentLevel.LandscapeStreamingProxy_BN55SI9ETKGRY904720BQHPG3_1_0_0_0
 |- Actor Package: /Game/__ExternalActors__/VehicleTemplate/Maps/VehicleExampleMap/2/KA/641DILFS056EAGXA96WARU
 |- Actor Path: /Game/VehicleTemplate/Maps/VehicleExampleMap.VehicleExampleMap:PersistentLevel.LandscapeStreamingProxy_BN55SI9ETKGRY904720BQHPG3_1_0_1_0
 |- Actor Package: /Game/__ExternalActors__/VehicleTemplate/Maps/VehicleExampleMap/6/S7/2NX9ZP7Z2SEKB8KO5J9VC2
 |- Actor Path: /Game/VehicleTemplate/Maps/VehicleExampleMap.VehicleExampleMap:PersistentLevel.LandscapeStreamingProxy_BN55SI9ETKGRY904720BQHPG3_1_1_0_0
 |- Actor Package: /Game/__ExternalActors__/VehicleTemplate/Maps/VehicleExampleMap/C/FV/0ORXDSHBYQOS2A920WHDXV
 |- Actor Path: /Game/VehicleTemplate/Maps/VehicleExampleMap.VehicleExampleMap:PersistentLevel.LandscapeStreamingProxy_BN55SI9ETKGRY904720BQHPG3_1_1_1_0
 |- Actor Package: /Game/__ExternalActors__/VehicleTemplate/Maps/VehicleExampleMap/6/OV/83W7IXH4TGHRI72ZDV4BUN
 |- Actor Path: /Game/VehicleTemplate/Maps/VehicleExampleMap.VehicleExampleMap:PersistentLevel.PlayerStart_1
 |- Actor Package: /Game/__ExternalActors__/VehicleTemplate/Maps/VehicleExampleMap/1/0G/S09YAH4R8CMVDMZ7A20STZ
 |- Actor Path: /Game/VehicleTemplate/Maps/VehicleExampleMap.VehicleExampleMap:PersistentLevel.PostProcessVolume_0
 |- Actor Package: /Game/__ExternalActors__/VehicleTemplate/Maps/VehicleExampleMap/B/S4/39R99VDAXF7X1T8FW5O7G5
 |- Actor Path: /Game/VehicleTemplate/Maps/VehicleExampleMap.VehicleExampleMap:PersistentLevel.SkyAtmosphere_0
 |- Actor Package: /Game/__ExternalActors__/VehicleTemplate/Maps/VehicleExampleMap/E/RG/6FX3FVZLOTLUYLWS5AEE1A
 |- Actor Path: /Game/VehicleTemplate/Maps/VehicleExampleMap.VehicleExampleMap:PersistentLevel.SkyLight_1
 |- Actor Package: /Game/__ExternalActors__/VehicleTemplate/Maps/VehicleExampleMap/3/WW/FO9B6T5LMMCOKJG4HCFNL1
 |- Actor Path: /Game/VehicleTemplate/Maps/VehicleExampleMap.VehicleExampleMap:PersistentLevel.StaticMeshActor_UAID_A4AE111137DC5DFB00_1630210247
 |- Actor Package: /Game/__ExternalActors__/VehicleTemplate/Maps/VehicleExampleMap/4/LP/UZ50PDVAY299IMPNI9D2JC
 |- Actor Path: /Game/VehicleTemplate/Maps/VehicleExampleMap.VehicleExampleMap:PersistentLevel.Tanker_Trailer_C_UAID_2C58B90D93E1D1EC01_2143477186
 |- Actor Package: /Game/__ExternalActors__/VehicleTemplate/Maps/VehicleExampleMap/1/OG/66HO41FFGTIZGF6RX0KDVP
 |- Actor Path: /Game/VehicleTemplate/Maps/VehicleExampleMap.VehicleExampleMap:PersistentLevel.TextRenderActor_1
 |- Actor Package: /Game/__ExternalActors__/VehicleTemplate/Maps/VehicleExampleMap/A/H0/LYTDGJWOH7OXH2EDGARXVB
 |- Actor Path: /Game/VehicleTemplate/Maps/VehicleExampleMap.VehicleExampleMap:PersistentLevel.Truck_BP_C_UAID_2C58B90D93E1D1EC01_2124998184
 |- Actor Package: /Game/__ExternalActors__/VehicleTemplate/Maps/VehicleExampleMap/E/20/Q8A4AA9NB5YAN0PEPHOFH9
 |- Actor Path: /Game/VehicleTemplate/Maps/VehicleExampleMap.VehicleExampleMap:PersistentLevel.VehicleExampleMap_C_1
 |- Actor Package: /Game/VehicleTemplate/Maps/VehicleExampleMap
 |- Actor Path: /Game/VehicleTemplate/Maps/VehicleExampleMap.VehicleExampleMap:PersistentLevel.VolumetricCloud_0
 |- Actor Package: /Game/__ExternalActors__/VehicleTemplate/Maps/VehicleExampleMap/7/6B/35BADYNNBJZPEYUTHJKTQU
 |- Actor Path: /Game/VehicleTemplate/Maps/VehicleExampleMap.VehicleExampleMap:PersistentLevel.WorldDataLayers
 |- Actor Package: /Game/__ExternalActors__/VehicleTemplate/Maps/VehicleExampleMap/3/8Z/8O4O20NVAUFW84ZP4YO7II
 |- Actor Path: /Game/VehicleTemplate/Maps/VehicleExampleMap.VehicleExampleMap:PersistentLevel.WorldPartitionMiniMap_0
 |- Actor Package: /Game/__ExternalActors__/VehicleTemplate/Maps/VehicleExampleMap/7/GT/DVHRIRLU9GVKHFO3UTR8FO
 |- Actor Path: /Game/VehicleTemplate/Maps/VehicleExampleMap.VehicleExampleMap:PersistentLevel.WorldSettings_1
 |- Actor Package: /Game/VehicleTemplate/Maps/VehicleExampleMap

----------------------------------------------------------------------------------------------------------------
VehicleExampleMap - Runtime Spatial Hash - Streaming Grid - MainGrid
----------------------------------------------------------------------------------------------------------------
            Origin: X=0.000 Y=0.000 Z=0.000
         Cell Size: 12800
      World Bounds: IsValid=false, Min=(X=0.000 Y=0.000 Z=0.000), Max=(X=0.000 Y=0.000 Z=0.000)
     Loading Range: 25600.00
Block Slow Loading: No
 ClientOnlyVisible: No
            Origin: X=0.000 Y=0.000 Z=0.000

[+] Grid Levels: 1
 |- Level  0: Cell Count    0 | Cell Size   12800 | Actor Count    0 (0.0%)

[+] Content of Grid Level 0

