[+] Containers:
 |- [+] Container: /Game/VehicleTemplate/Maps/VehicleExampleMap
 |   |- [+] ActorDescs:
 |   |   |- Guid:014992A5412E32EED5B06AA1E820BB63 BaseClass:/Game/TruckTrailer/Trailers/TankerTrailer/Blueprints/Tanker_Trailer.Tanker_Trailer_C NativeClass:/Script/ChaosVehicles.WheeledVehiclePawn Name:Tanker_Trailer_C_UAID_2C58B90D93E1D1EC01_2143477186 Label:Tanker_Trailer SpatiallyLoaded:1 Bounds:IsValid=true, Min=(X=4615.348 Y=-431.626 Z=-253.426), Max=(X=7121.582 Y=1849.777 Z=760.330) RuntimeGrid:None EditorOnly:0 RuntimeOnly:0 HLODRelevant:0 ListedInSceneOutliner:1 IsMainWorldOnly:0
 |   |   |- Guid:05134C99468894E7AFD5008597ACCD78 BaseClass:/Game/TruckTrailer/Truck/Blueprints/Truck_BP.Truck_BP_C NativeClass:/Script/ChaosVehicles.WheeledVehiclePawn Name:Truck_BP_C_UAID_2C58B90D93E1D1EC01_2124998184 Label:Truck_BP SpatiallyLoaded:1 Bounds:IsValid=true, Min=(X=4833.533 Y=-2955.260 Z=-80.000), Max=(X=5496.521 Y=-2239.268 Z=442.797) RuntimeGrid:None EditorOnly:0 RuntimeOnly:0 HLODRelevant:0 ListedInSceneOutliner:1 IsMainWorldOnly:0
 |   |   |- Guid:14A7C43E434D3DE5B4C62988AF507A08 BaseClass: NativeClass:/Script/Landscape.LandscapeSplineActor Name:LandscapeSplineActor_UAID_2C58B90D93E1D0EC01_1980129005 Label:LandscapeSplineActor7 SpatiallyLoaded:1 Bounds:IsValid=true, Min=(X=-17763.850 Y=-18681.451 Z=-125.131), Max=(X=22960.470 Y=20987.914 Z=874.987) RuntimeGrid:None EditorOnly:0 RuntimeOnly:0 HLODRelevant:1 ListedInSceneOutliner:1 IsMainWorldOnly:0
 |   |   |- Guid:171313D0407C3F64D2D4B296EC558C63 BaseClass: NativeClass:/Script/Landscape.LandscapeStreamingProxy Name:LandscapeStreamingProxy_BN55SI9ETKGRY904720BQHPG3_1_1_0_0 Label:LandscapeStreamingProxy_1_0_0 SpatiallyLoaded:1 Bounds:IsValid=true, Min=(X=0.000 Y=-12600.000 Z=-100.000), Max=(X=12600.000 Y=0.000 Z=100.000) RuntimeGrid:None EditorOnly:0 RuntimeOnly:0 HLODRelevant:1 ListedInSceneOutliner:1 IsMainWorldOnly:0
 |   |   |- Guid:1B9C08E3400E30F4F7522E9A4C9880C6 BaseClass: NativeClass:/Script/Engine.StaticMeshActor Name:StaticMeshActor_0 Label:SM_Cube5 SpatiallyLoaded:1 Bounds:IsValid=true, Min=(X=12500.000 Y=-12600.000 Z=0.000), Max=(X=12600.002 Y=12500.000 Z=300.000) RuntimeGrid:None EditorOnly:0 RuntimeOnly:0 HLODRelevant:1 ListedInSceneOutliner:1 IsMainWorldOnly:0 FolderPath:Landscape FolderGuid:912F765E4714A1DB296369A3E4390900
 |   |   |- Guid:21188B07490D3865E81115A7716F6B45 BaseClass: NativeClass:/Script/Engine.StaticMeshActor Name:StaticMeshActor_4 Label:SM_Cube4 SpatiallyLoaded:1 Bounds:IsValid=true, Min=(X=-12600.000 Y=-12600.001 Z=0.000), Max=(X=12500.000 Y=-12500.000 Z=300.000) RuntimeGrid:None EditorOnly:0 RuntimeOnly:0 HLODRelevant:1 ListedInSceneOutliner:1 IsMainWorldOnly:0 FolderPath:Landscape FolderGuid:912F765E4714A1DB296369A3E4390900
 |   |   |- Guid:25E856F042412E1485596BAE8A5ABA38 BaseClass: NativeClass:/Script/Landscape.LandscapeStreamingProxy Name:LandscapeStreamingProxy_BN55SI9ETKGRY904720BQHPG3_1_0_0_0 Label:LandscapeStreamingProxy_0_0_0 SpatiallyLoaded:1 Bounds:IsValid=true, Min=(X=-12600.000 Y=-12600.000 Z=-100.000), Max=(X=0.000 Y=0.000 Z=100.000) RuntimeGrid:None EditorOnly:0 RuntimeOnly:0 HLODRelevant:1 ListedInSceneOutliner:1 IsMainWorldOnly:0
 |   |   |- Guid:53C7258943CF749528C764B4D5903760 BaseClass: NativeClass:/Script/Engine.StaticMeshActor Name:StaticMeshActor_5 Label:SM_Cube6 SpatiallyLoaded:1 Bounds:IsValid=true, Min=(X=-12500.001 Y=12500.001 Z=0.000), Max=(X=12599.999 Y=12600.003 Z=300.000) RuntimeGrid:None EditorOnly:0 RuntimeOnly:0 HLODRelevant:1 ListedInSceneOutliner:1 IsMainWorldOnly:0 FolderPath:Landscape FolderGuid:912F765E4714A1DB296369A3E4390900
 |   |   |- Guid:5F1CE32C45DBB3E9D80C48BE74374D7E BaseClass: NativeClass:/Script/Landscape.LandscapeSplineActor Name:LandscapeSplineActor_UAID_2C58B90D93E1D2EC01_1087119363 Label:LandscapeSplineActor SpatiallyLoaded:1 Bounds:IsValid=true, Min=(X=2056.699 Y=-3758.808 Z=-125.036), Max=(X=8848.886 Y=3010.353 Z=874.975) RuntimeGrid:None EditorOnly:0 RuntimeOnly:0 HLODRelevant:1 ListedInSceneOutliner:1 IsMainWorldOnly:0
 |   |   |- Guid:62B351BB423B9EABD5AE849DD1DFC408 BaseClass: NativeClass:/Script/Engine.VolumetricCloud Name:VolumetricCloud_0 Label:VolumetricCloud SpatiallyLoaded:0 Bounds:IsValid=true, Min=(X=-12600.000 Y=-12600.000 Z=720.000), Max=(X=-12600.000 Y=-12600.000 Z=720.000) RuntimeGrid:None EditorOnly:0 RuntimeOnly:0 HLODRelevant:0 ListedInSceneOutliner:1 IsMainWorldOnly:0 FolderPath:Lighting FolderGuid:602030AD4CB26C050EF7B98FCA62FBCA
 |   |   |- Guid:66C6D5334C54828C0FC13494686B771E BaseClass:/Game/TruckTrailer/Trailers/ContainerTrailer/Blueprints/Container_Trailer.Container_Trailer_C NativeClass:/Script/ChaosVehicles.WheeledVehiclePawn Name:Container_Trailer_C_UAID_2C58B90D93E1D1EC01_2138059185 Label:Container_Trailer SpatiallyLoaded:1 Bounds:IsValid=true, Min=(X=5345.909 Y=-897.956 Z=-241.803), Max=(X=7662.874 Y=1197.792 Z=725.462) RuntimeGrid:None EditorOnly:0 RuntimeOnly:0 HLODRelevant:0 ListedInSceneOutliner:1 IsMainWorldOnly:0
 |   |   |- Guid:6A1C7CE945AD720405A2B8A0CDC31EEA BaseClass: NativeClass:/Script/Engine.WorldDataLayers Name:WorldDataLayers Label:WorldDataLayers-1 SpatiallyLoaded:0 Bounds:IsValid=true, Min=(X=0.000 Y=0.000 Z=0.000), Max=(X=0.000 Y=0.000 Z=0.000) RuntimeGrid:None EditorOnly:0 RuntimeOnly:0 HLODRelevant:0 ListedInSceneOutliner:1 IsMainWorldOnly:1
 |   |   |- Guid:6B337CAD4C563049716FB399D124EC3D BaseClass: NativeClass:/Script/Engine.SkyLight Name:SkyLight_1 Label:SkyLight SpatiallyLoaded:0 Bounds:IsValid=true, Min=(X=-12600.000 Y=-12600.000 Z=590.000), Max=(X=-12600.000 Y=-12600.000 Z=590.000) RuntimeGrid:None EditorOnly:0 RuntimeOnly:0 HLODRelevant:0 ListedInSceneOutliner:1 IsMainWorldOnly:0 FolderPath:Lighting FolderGuid:602030AD4CB26C050EF7B98FCA62FBCA
 |   |   |- Guid:72FBA45F474AD6B89F11049FCA83748F BaseClass: NativeClass:/Script/Engine.StaticMeshActor Name:StaticMeshActor_UAID_A4AE111137DC5DFB00_1630210247 Label:SM_SkySphere SpatiallyLoaded:1 Bounds:IsValid=true, Min=(X=-1638400.000 Y=-1638400.000 Z=-1638400.000), Max=(X=1638400.000 Y=1638400.000 Z=1638400.000) RuntimeGrid:None EditorOnly:0 RuntimeOnly:0 HLODRelevant:1 ListedInSceneOutliner:1 IsMainWorldOnly:0 FolderPath:Lighting FolderGuid:602030AD4CB26C050EF7B98FCA62FBCA
 |   |   |- Guid:792164FE4D85B78C5D0DE5BE2EE8CD05 BaseClass: NativeClass:/Script/Engine.StaticMeshActor Name:StaticMeshActor_6 Label:SM_Cube7 SpatiallyLoaded:1 Bounds:IsValid=true, Min=(X=-12600.003 Y=-12500.001 Z=0.000), Max=(X=-12500.001 Y=12599.999 Z=300.000) RuntimeGrid:None EditorOnly:0 RuntimeOnly:0 HLODRelevant:1 ListedInSceneOutliner:1 IsMainWorldOnly:0 FolderPath:Landscape FolderGuid:912F765E4714A1DB296369A3E4390900
 |   |   |- Guid:8C0FA1084325C13D99C659A1CE031414 BaseClass: NativeClass:/Script/Engine.PlayerStart Name:PlayerStart_1 Label:PlayerStart SpatiallyLoaded:0 Bounds:IsValid=true, Min=(X=-3530.000 Y=-9370.000 Z=9.935), Max=(X=-3450.000 Y=-9290.000 Z=101.935) RuntimeGrid:None EditorOnly:0 RuntimeOnly:0 HLODRelevant:0 ListedInSceneOutliner:1 IsMainWorldOnly:0
 |   |   |- Guid:965545084A4C98B265C342A79C8BB5E7 BaseClass:/Game/VehicleTemplate/Blueprints/SportsCar/Ai_Car.Ai_Car_C NativeClass:/Script/ChaosVehicles.WheeledVehiclePawn Name:Ai_Car_C_UAID_2C58B90D93E1D4EC01_1815029723 Label:Ai_Car SpatiallyLoaded:1 Bounds:IsValid=true, Min=(X=-3298.213 Y=9284.182 Z=-14.659), Max=(X=-2836.369 Y=9822.818 Z=121.318) RuntimeGrid:None EditorOnly:0 RuntimeOnly:0 HLODRelevant:0 ListedInSceneOutliner:1 IsMainWorldOnly:0
 |   |   |- Guid:A5D6E6BB46BAC15E6D356990E1F7F480 BaseClass: NativeClass:/Script/Engine.DirectionalLight Name:DirectionalLight_0 Label:DirectionalLight SpatiallyLoaded:0 Bounds:IsValid=true, Min=(X=-1048576.000 Y=-1048576.000 Z=-1048576.000), Max=(X=1048576.000 Y=1048576.000 Z=1048576.000) RuntimeGrid:None EditorOnly:0 RuntimeOnly:0 HLODRelevant:0 ListedInSceneOutliner:1 IsMainWorldOnly:0 FolderPath:Lighting FolderGuid:602030AD4CB26C050EF7B98FCA62FBCA
 |   |   |- Guid:A6ABCCAF4857AE8E40E6228F0FECD123 BaseClass: NativeClass:/Script/Landscape.Landscape Name:Landscape_0 Label:Landscape SpatiallyLoaded:0 Bounds:IsValid=true, Min=(X=-25200.000 Y=-25200.000 Z=0.000), Max=(X=-25200.000 Y=-25200.000 Z=0.000) RuntimeGrid:None EditorOnly:0 RuntimeOnly:0 HLODRelevant:0 ListedInSceneOutliner:1 IsMainWorldOnly:0 FolderPath:Landscape FolderGuid:912F765E4714A1DB296369A3E4390900
 |   |   |- Guid:AB3D653A48C4F01FAA4F39A2698C3518 BaseClass: NativeClass:/Script/Engine.SkyAtmosphere Name:SkyAtmosphere_0 Label:SkyAtmosphere SpatiallyLoaded:0 Bounds:IsValid=true, Min=(X=-12600.000 Y=-12600.000 Z=920.000), Max=(X=-12600.000 Y=-12600.000 Z=920.000) RuntimeGrid:None EditorOnly:0 RuntimeOnly:0 HLODRelevant:0 ListedInSceneOutliner:1 IsMainWorldOnly:0 FolderPath:Lighting FolderGuid:602030AD4CB26C050EF7B98FCA62FBCA
 |   |   |- Guid:BADB0C4C4CE2AFEBE0E228BE26D71AC6 BaseClass: NativeClass:/Script/Landscape.LandscapeStreamingProxy Name:LandscapeStreamingProxy_BN55SI9ETKGRY904720BQHPG3_1_0_1_0 Label:LandscapeStreamingProxy_0_1_0 SpatiallyLoaded:1 Bounds:IsValid=true, Min=(X=-12600.000 Y=0.000 Z=-100.000), Max=(X=0.000 Y=12600.000 Z=100.000) RuntimeGrid:None EditorOnly:0 RuntimeOnly:0 HLODRelevant:1 ListedInSceneOutliner:1 IsMainWorldOnly:0
 |   |   |- Guid:C2FAFAD2475C15980F0F9F9B16AE1486 BaseClass:/Game/VehicleTemplate/Blueprints/SportsCar/SportsCar_Pawn.SportsCar_Pawn_C NativeClass:/Script/ChaosVehicles.WheeledVehiclePawn Name:SportsCar_Pawn_C_UAID_2C58B90D93E1D4EC01_1564447722 Label:SportsCar_Pawn SpatiallyLoaded:1 Bounds:IsValid=true, Min=(X=-4883.507 Y=10729.350 Z=-14.659), Max=(X=-4412.406 Y=10990.650 Z=121.318) RuntimeGrid:None EditorOnly:0 RuntimeOnly:0 HLODRelevant:0 ListedInSceneOutliner:1 IsMainWorldOnly:0
 |   |   |- Guid:CA3C0F6345B2DA9E299ED5BEE611655B BaseClass: NativeClass:/Script/Engine.ExponentialHeightFog Name:ExponentialHeightFog_0 Label:ExponentialHeightFog SpatiallyLoaded:0 Bounds:IsValid=true, Min=(X=-18200.000 Y=-12650.000 Z=-6950.000), Max=(X=-18200.000 Y=-12650.000 Z=-6950.000) RuntimeGrid:None EditorOnly:0 RuntimeOnly:0 HLODRelevant:0 ListedInSceneOutliner:1 IsMainWorldOnly:0 FolderPath:Lighting FolderGuid:602030AD4CB26C050EF7B98FCA62FBCA
 |   |   |- Guid:D5CE1A3946843967B0D1A493A9ED5CF6 BaseClass: NativeClass:/Script/Engine.PostProcessVolume Name:PostProcessVolume_0 Label:PostProcessVolume SpatiallyLoaded:0 Bounds:IsValid=true, Min=(X=-12600.000 Y=-12600.000 Z=300.000), Max=(X=-12400.000 Y=-12400.000 Z=500.000) RuntimeGrid:None EditorOnly:0 RuntimeOnly:0 HLODRelevant:0 ListedInSceneOutliner:1 IsMainWorldOnly:0 FolderPath:Lighting FolderGuid:602030AD4CB26C050EF7B98FCA62FBCA
 |   |   |- Guid:DB51ECF7439E5272D96AEF83EF77B392 BaseClass: NativeClass:/Script/Landscape.LandscapeStreamingProxy Name:LandscapeStreamingProxy_BN55SI9ETKGRY904720BQHPG3_1_1_1_0 Label:LandscapeStreamingProxy_1_1_0 SpatiallyLoaded:1 Bounds:IsValid=true, Min=(X=0.000 Y=0.000 Z=-100.000), Max=(X=12600.000 Y=12600.000 Z=100.000) RuntimeGrid:None EditorOnly:0 RuntimeOnly:0 HLODRelevant:1 ListedInSceneOutliner:1 IsMainWorldOnly:0
 |   |   |- Guid:E1044C044ABF3BD6B5B6A4AEE59D7294 BaseClass:/Game/Blueprint_Cho/BP_Road.BP_Road_C NativeClass:/Script/Engine.Actor Name:BP_Road_C_UAID_2C58B90D93E1D3EC01_1235906541 Label:BP_Road SpatiallyLoaded:1 Bounds:IsValid=true, Min=(X=-12232.469 Y=-8337.012 Z=0.000), Max=(X=8519.503 Y=14821.427 Z=0.000) RuntimeGrid:None EditorOnly:0 RuntimeOnly:0 HLODRelevant:0 ListedInSceneOutliner:1 IsMainWorldOnly:0
 |   |   |- Guid:FD06D98F4BDE1A797FF3D0AA6658BD2E BaseClass: NativeClass:/Script/Engine.TextRenderActor Name:TextRenderActor_1 Label:TextRenderActor SpatiallyLoaded:1 Bounds:IsValid=true, Min=(X=-12610.004 Y=-661.458 Z=70.598), Max=(X=-12609.996 Y=661.619 Z=270.598) RuntimeGrid:None EditorOnly:0 RuntimeOnly:0 HLODRelevant:0 ListedInSceneOutliner:1 IsMainWorldOnly:0
 |   |- [+] Clusters:
 |   |   |- [+] [  0]
 |   |   |   |- Guid:014992A5412E32EED5B06AA1E820BB63 BaseClass:/Game/TruckTrailer/Trailers/TankerTrailer/Blueprints/Tanker_Trailer.Tanker_Trailer_C NativeClass:/Script/ChaosVehicles.WheeledVehiclePawn Name:Tanker_Trailer_C_UAID_2C58B90D93E1D1EC01_2143477186 Label:Tanker_Trailer SpatiallyLoaded:1 Bounds:IsValid=true, Min=(X=4615.348 Y=-431.626 Z=-253.426), Max=(X=7121.582 Y=1849.777 Z=760.330) RuntimeGrid:None EditorOnly:0 RuntimeOnly:0 HLODRelevant:0 ListedInSceneOutliner:1 IsMainWorldOnly:0
 |   |   |- [+] [  1]
 |   |   |   |- Guid:05134C99468894E7AFD5008597ACCD78 BaseClass:/Game/TruckTrailer/Truck/Blueprints/Truck_BP.Truck_BP_C NativeClass:/Script/ChaosVehicles.WheeledVehiclePawn Name:Truck_BP_C_UAID_2C58B90D93E1D1EC01_2124998184 Label:Truck_BP SpatiallyLoaded:1 Bounds:IsValid=true, Min=(X=4833.533 Y=-2955.260 Z=-80.000), Max=(X=5496.521 Y=-2239.268 Z=442.797) RuntimeGrid:None EditorOnly:0 RuntimeOnly:0 HLODRelevant:0 ListedInSceneOutliner:1 IsMainWorldOnly:0
 |   |   |- [+] [  2]
 |   |   |   |- Guid:14A7C43E434D3DE5B4C62988AF507A08 BaseClass: NativeClass:/Script/Landscape.LandscapeSplineActor Name:LandscapeSplineActor_UAID_2C58B90D93E1D0EC01_1980129005 Label:LandscapeSplineActor7 SpatiallyLoaded:1 Bounds:IsValid=true, Min=(X=-17763.850 Y=-18681.451 Z=-125.131), Max=(X=22960.470 Y=20987.914 Z=874.987) RuntimeGrid:None EditorOnly:0 RuntimeOnly:0 HLODRelevant:1 ListedInSceneOutliner:1 IsMainWorldOnly:0
 |   |   |- [+] [  3]
 |   |   |   |- Guid:171313D0407C3F64D2D4B296EC558C63 BaseClass: NativeClass:/Script/Landscape.LandscapeStreamingProxy Name:LandscapeStreamingProxy_BN55SI9ETKGRY904720BQHPG3_1_1_0_0 Label:LandscapeStreamingProxy_1_0_0 SpatiallyLoaded:1 Bounds:IsValid=true, Min=(X=0.000 Y=-12600.000 Z=-100.000), Max=(X=12600.000 Y=0.000 Z=100.000) RuntimeGrid:None EditorOnly:0 RuntimeOnly:0 HLODRelevant:1 ListedInSceneOutliner:1 IsMainWorldOnly:0
 |   |   |- [+] [  4]
 |   |   |   |- Guid:1B9C08E3400E30F4F7522E9A4C9880C6 BaseClass: NativeClass:/Script/Engine.StaticMeshActor Name:StaticMeshActor_0 Label:SM_Cube5 SpatiallyLoaded:1 Bounds:IsValid=true, Min=(X=12500.000 Y=-12600.000 Z=0.000), Max=(X=12600.002 Y=12500.000 Z=300.000) RuntimeGrid:None EditorOnly:0 RuntimeOnly:0 HLODRelevant:1 ListedInSceneOutliner:1 IsMainWorldOnly:0 FolderPath:Landscape FolderGuid:912F765E4714A1DB296369A3E4390900
 |   |   |- [+] [  5]
 |   |   |   |- Guid:21188B07490D3865E81115A7716F6B45 BaseClass: NativeClass:/Script/Engine.StaticMeshActor Name:StaticMeshActor_4 Label:SM_Cube4 SpatiallyLoaded:1 Bounds:IsValid=true, Min=(X=-12600.000 Y=-12600.001 Z=0.000), Max=(X=12500.000 Y=-12500.000 Z=300.000) RuntimeGrid:None EditorOnly:0 RuntimeOnly:0 HLODRelevant:1 ListedInSceneOutliner:1 IsMainWorldOnly:0 FolderPath:Landscape FolderGuid:912F765E4714A1DB296369A3E4390900
 |   |   |- [+] [  6]
 |   |   |   |- Guid:25E856F042412E1485596BAE8A5ABA38 BaseClass: NativeClass:/Script/Landscape.LandscapeStreamingProxy Name:LandscapeStreamingProxy_BN55SI9ETKGRY904720BQHPG3_1_0_0_0 Label:LandscapeStreamingProxy_0_0_0 SpatiallyLoaded:1 Bounds:IsValid=true, Min=(X=-12600.000 Y=-12600.000 Z=-100.000), Max=(X=0.000 Y=0.000 Z=100.000) RuntimeGrid:None EditorOnly:0 RuntimeOnly:0 HLODRelevant:1 ListedInSceneOutliner:1 IsMainWorldOnly:0
 |   |   |- [+] [  7]
 |   |   |   |- Guid:53C7258943CF749528C764B4D5903760 BaseClass: NativeClass:/Script/Engine.StaticMeshActor Name:StaticMeshActor_5 Label:SM_Cube6 SpatiallyLoaded:1 Bounds:IsValid=true, Min=(X=-12500.001 Y=12500.001 Z=0.000), Max=(X=12599.999 Y=12600.003 Z=300.000) RuntimeGrid:None EditorOnly:0 RuntimeOnly:0 HLODRelevant:1 ListedInSceneOutliner:1 IsMainWorldOnly:0 FolderPath:Landscape FolderGuid:912F765E4714A1DB296369A3E4390900
 |   |   |- [+] [  8]
 |   |   |   |- Guid:5F1CE32C45DBB3E9D80C48BE74374D7E BaseClass: NativeClass:/Script/Landscape.LandscapeSplineActor Name:LandscapeSplineActor_UAID_2C58B90D93E1D2EC01_1087119363 Label:LandscapeSplineActor SpatiallyLoaded:1 Bounds:IsValid=true, Min=(X=2056.699 Y=-3758.808 Z=-125.036), Max=(X=8848.886 Y=3010.353 Z=874.975) RuntimeGrid:None EditorOnly:0 RuntimeOnly:0 HLODRelevant:1 ListedInSceneOutliner:1 IsMainWorldOnly:0
 |   |   |- [+] [  9]
 |   |   |   |- Guid:62B351BB423B9EABD5AE849DD1DFC408 BaseClass: NativeClass:/Script/Engine.VolumetricCloud Name:VolumetricCloud_0 Label:VolumetricCloud SpatiallyLoaded:0 Bounds:IsValid=true, Min=(X=-12600.000 Y=-12600.000 Z=720.000), Max=(X=-12600.000 Y=-12600.000 Z=720.000) RuntimeGrid:None EditorOnly:0 RuntimeOnly:0 HLODRelevant:0 ListedInSceneOutliner:1 IsMainWorldOnly:0 FolderPath:Lighting FolderGuid:602030AD4CB26C050EF7B98FCA62FBCA
 |   |   |- [+] [ 10]
 |   |   |   |- Guid:66C6D5334C54828C0FC13494686B771E BaseClass:/Game/TruckTrailer/Trailers/ContainerTrailer/Blueprints/Container_Trailer.Container_Trailer_C NativeClass:/Script/ChaosVehicles.WheeledVehiclePawn Name:Container_Trailer_C_UAID_2C58B90D93E1D1EC01_2138059185 Label:Container_Trailer SpatiallyLoaded:1 Bounds:IsValid=true, Min=(X=5345.909 Y=-897.956 Z=-241.803), Max=(X=7662.874 Y=1197.792 Z=725.462) RuntimeGrid:None EditorOnly:0 RuntimeOnly:0 HLODRelevant:0 ListedInSceneOutliner:1 IsMainWorldOnly:0
 |   |   |- [+] [ 11]
 |   |   |   |- Guid:6A1C7CE945AD720405A2B8A0CDC31EEA BaseClass: NativeClass:/Script/Engine.WorldDataLayers Name:WorldDataLayers Label:WorldDataLayers-1 SpatiallyLoaded:0 Bounds:IsValid=true, Min=(X=0.000 Y=0.000 Z=0.000), Max=(X=0.000 Y=0.000 Z=0.000) RuntimeGrid:None EditorOnly:0 RuntimeOnly:0 HLODRelevant:0 ListedInSceneOutliner:1 IsMainWorldOnly:1
 |   |   |- [+] [ 12]
 |   |   |   |- Guid:6B337CAD4C563049716FB399D124EC3D BaseClass: NativeClass:/Script/Engine.SkyLight Name:SkyLight_1 Label:SkyLight SpatiallyLoaded:0 Bounds:IsValid=true, Min=(X=-12600.000 Y=-12600.000 Z=590.000), Max=(X=-12600.000 Y=-12600.000 Z=590.000) RuntimeGrid:None EditorOnly:0 RuntimeOnly:0 HLODRelevant:0 ListedInSceneOutliner:1 IsMainWorldOnly:0 FolderPath:Lighting FolderGuid:602030AD4CB26C050EF7B98FCA62FBCA
 |   |   |- [+] [ 13]
 |   |   |   |- Guid:72FBA45F474AD6B89F11049FCA83748F BaseClass: NativeClass:/Script/Engine.StaticMeshActor Name:StaticMeshActor_UAID_A4AE111137DC5DFB00_1630210247 Label:SM_SkySphere SpatiallyLoaded:1 Bounds:IsValid=true, Min=(X=-1638400.000 Y=-1638400.000 Z=-1638400.000), Max=(X=1638400.000 Y=1638400.000 Z=1638400.000) RuntimeGrid:None EditorOnly:0 RuntimeOnly:0 HLODRelevant:1 ListedInSceneOutliner:1 IsMainWorldOnly:0 FolderPath:Lighting FolderGuid:602030AD4CB26C050EF7B98FCA62FBCA
 |   |   |- [+] [ 14]
 |   |   |   |- Guid:792164FE4D85B78C5D0DE5BE2EE8CD05 BaseClass: NativeClass:/Script/Engine.StaticMeshActor Name:StaticMeshActor_6 Label:SM_Cube7 SpatiallyLoaded:1 Bounds:IsValid=true, Min=(X=-12600.003 Y=-12500.001 Z=0.000), Max=(X=-12500.001 Y=12599.999 Z=300.000) RuntimeGrid:None EditorOnly:0 RuntimeOnly:0 HLODRelevant:1 ListedInSceneOutliner:1 IsMainWorldOnly:0 FolderPath:Landscape FolderGuid:912F765E4714A1DB296369A3E4390900
 |   |   |- [+] [ 15]
 |   |   |   |- Guid:8C0FA1084325C13D99C659A1CE031414 BaseClass: NativeClass:/Script/Engine.PlayerStart Name:PlayerStart_1 Label:PlayerStart SpatiallyLoaded:0 Bounds:IsValid=true, Min=(X=-3530.000 Y=-9370.000 Z=9.935), Max=(X=-3450.000 Y=-9290.000 Z=101.935) RuntimeGrid:None EditorOnly:0 RuntimeOnly:0 HLODRelevant:0 ListedInSceneOutliner:1 IsMainWorldOnly:0
 |   |   |- [+] [ 16]
 |   |   |   |- Guid:965545084A4C98B265C342A79C8BB5E7 BaseClass:/Game/VehicleTemplate/Blueprints/SportsCar/Ai_Car.Ai_Car_C NativeClass:/Script/ChaosVehicles.WheeledVehiclePawn Name:Ai_Car_C_UAID_2C58B90D93E1D4EC01_1815029723 Label:Ai_Car SpatiallyLoaded:1 Bounds:IsValid=true, Min=(X=-3298.213 Y=9284.182 Z=-14.659), Max=(X=-2836.369 Y=9822.818 Z=121.318) RuntimeGrid:None EditorOnly:0 RuntimeOnly:0 HLODRelevant:0 ListedInSceneOutliner:1 IsMainWorldOnly:0
 |   |   |- [+] [ 17]
 |   |   |   |- Guid:A5D6E6BB46BAC15E6D356990E1F7F480 BaseClass: NativeClass:/Script/Engine.DirectionalLight Name:DirectionalLight_0 Label:DirectionalLight SpatiallyLoaded:0 Bounds:IsValid=true, Min=(X=-1048576.000 Y=-1048576.000 Z=-1048576.000), Max=(X=1048576.000 Y=1048576.000 Z=1048576.000) RuntimeGrid:None EditorOnly:0 RuntimeOnly:0 HLODRelevant:0 ListedInSceneOutliner:1 IsMainWorldOnly:0 FolderPath:Lighting FolderGuid:602030AD4CB26C050EF7B98FCA62FBCA
 |   |   |- [+] [ 18]
 |   |   |   |- Guid:A6ABCCAF4857AE8E40E6228F0FECD123 BaseClass: NativeClass:/Script/Landscape.Landscape Name:Landscape_0 Label:Landscape SpatiallyLoaded:0 Bounds:IsValid=true, Min=(X=-25200.000 Y=-25200.000 Z=0.000), Max=(X=-25200.000 Y=-25200.000 Z=0.000) RuntimeGrid:None EditorOnly:0 RuntimeOnly:0 HLODRelevant:0 ListedInSceneOutliner:1 IsMainWorldOnly:0 FolderPath:Landscape FolderGuid:912F765E4714A1DB296369A3E4390900
 |   |   |- [+] [ 19]
 |   |   |   |- Guid:AB3D653A48C4F01FAA4F39A2698C3518 BaseClass: NativeClass:/Script/Engine.SkyAtmosphere Name:SkyAtmosphere_0 Label:SkyAtmosphere SpatiallyLoaded:0 Bounds:IsValid=true, Min=(X=-12600.000 Y=-12600.000 Z=920.000), Max=(X=-12600.000 Y=-12600.000 Z=920.000) RuntimeGrid:None EditorOnly:0 RuntimeOnly:0 HLODRelevant:0 ListedInSceneOutliner:1 IsMainWorldOnly:0 FolderPath:Lighting FolderGuid:602030AD4CB26C050EF7B98FCA62FBCA
 |   |   |- [+] [ 20]
 |   |   |   |- Guid:BADB0C4C4CE2AFEBE0E228BE26D71AC6 BaseClass: NativeClass:/Script/Landscape.LandscapeStreamingProxy Name:LandscapeStreamingProxy_BN55SI9ETKGRY904720BQHPG3_1_0_1_0 Label:LandscapeStreamingProxy_0_1_0 SpatiallyLoaded:1 Bounds:IsValid=true, Min=(X=-12600.000 Y=0.000 Z=-100.000), Max=(X=0.000 Y=12600.000 Z=100.000) RuntimeGrid:None EditorOnly:0 RuntimeOnly:0 HLODRelevant:1 ListedInSceneOutliner:1 IsMainWorldOnly:0
 |   |   |- [+] [ 21]
 |   |   |   |- Guid:C2FAFAD2475C15980F0F9F9B16AE1486 BaseClass:/Game/VehicleTemplate/Blueprints/SportsCar/SportsCar_Pawn.SportsCar_Pawn_C NativeClass:/Script/ChaosVehicles.WheeledVehiclePawn Name:SportsCar_Pawn_C_UAID_2C58B90D93E1D4EC01_1564447722 Label:SportsCar_Pawn SpatiallyLoaded:1 Bounds:IsValid=true, Min=(X=-4883.507 Y=10729.350 Z=-14.659), Max=(X=-4412.406 Y=10990.650 Z=121.318) RuntimeGrid:None EditorOnly:0 RuntimeOnly:0 HLODRelevant:0 ListedInSceneOutliner:1 IsMainWorldOnly:0
 |   |   |- [+] [ 22]
 |   |   |   |- Guid:CA3C0F6345B2DA9E299ED5BEE611655B BaseClass: NativeClass:/Script/Engine.ExponentialHeightFog Name:ExponentialHeightFog_0 Label:ExponentialHeightFog SpatiallyLoaded:0 Bounds:IsValid=true, Min=(X=-18200.000 Y=-12650.000 Z=-6950.000), Max=(X=-18200.000 Y=-12650.000 Z=-6950.000) RuntimeGrid:None EditorOnly:0 RuntimeOnly:0 HLODRelevant:0 ListedInSceneOutliner:1 IsMainWorldOnly:0 FolderPath:Lighting FolderGuid:602030AD4CB26C050EF7B98FCA62FBCA
 |   |   |- [+] [ 23]
 |   |   |   |- Guid:D5CE1A3946843967B0D1A493A9ED5CF6 BaseClass: NativeClass:/Script/Engine.PostProcessVolume Name:PostProcessVolume_0 Label:PostProcessVolume SpatiallyLoaded:0 Bounds:IsValid=true, Min=(X=-12600.000 Y=-12600.000 Z=300.000), Max=(X=-12400.000 Y=-12400.000 Z=500.000) RuntimeGrid:None EditorOnly:0 RuntimeOnly:0 HLODRelevant:0 ListedInSceneOutliner:1 IsMainWorldOnly:0 FolderPath:Lighting FolderGuid:602030AD4CB26C050EF7B98FCA62FBCA
 |   |   |- [+] [ 24]
 |   |   |   |- Guid:DB51ECF7439E5272D96AEF83EF77B392 BaseClass: NativeClass:/Script/Landscape.LandscapeStreamingProxy Name:LandscapeStreamingProxy_BN55SI9ETKGRY904720BQHPG3_1_1_1_0 Label:LandscapeStreamingProxy_1_1_0 SpatiallyLoaded:1 Bounds:IsValid=true, Min=(X=0.000 Y=0.000 Z=-100.000), Max=(X=12600.000 Y=12600.000 Z=100.000) RuntimeGrid:None EditorOnly:0 RuntimeOnly:0 HLODRelevant:1 ListedInSceneOutliner:1 IsMainWorldOnly:0
 |   |   |- [+] [ 25]
 |   |   |   |- Guid:E1044C044ABF3BD6B5B6A4AEE59D7294 BaseClass:/Game/Blueprint_Cho/BP_Road.BP_Road_C NativeClass:/Script/Engine.Actor Name:BP_Road_C_UAID_2C58B90D93E1D3EC01_1235906541 Label:BP_Road SpatiallyLoaded:1 Bounds:IsValid=true, Min=(X=-12232.469 Y=-8337.012 Z=0.000), Max=(X=8519.503 Y=14821.427 Z=0.000) RuntimeGrid:None EditorOnly:0 RuntimeOnly:0 HLODRelevant:0 ListedInSceneOutliner:1 IsMainWorldOnly:0
 |   |   |- [+] [ 26]
 |   |   |   |- Guid:FD06D98F4BDE1A797FF3D0AA6658BD2E BaseClass: NativeClass:/Script/Engine.TextRenderActor Name:TextRenderActor_1 Label:TextRenderActor SpatiallyLoaded:1 Bounds:IsValid=true, Min=(X=-12610.004 Y=-661.458 Z=70.598), Max=(X=-12609.996 Y=661.619 Z=270.598) RuntimeGrid:None EditorOnly:0 RuntimeOnly:0 HLODRelevant:0 ListedInSceneOutliner:1 IsMainWorldOnly:0
 |- ContainerInstances:
 |- [+] MainContainer:
 |   |-        ID: 00000000000000000000000000000000
 |   |-  ParentID: 00000000000000000000000000000000
 |   |-    Bounds: IsValid=false, Min=(X=0.000 Y=0.000 Z=0.000), Max=(X=0.000 Y=0.000 Z=0.000)
 |   |- Transform: 0.000000,0.000000,0.000000|0.000000,0.000000,-0.000000|1.000000,1.000000,1.000000
 |   |- Container: /Game/VehicleTemplate/Maps/VehicleExampleMap
----------------------------------------------------------------------------------------------------------------
VehicleExampleMap - Persistent Level
----------------------------------------------------------------------------------------------------------------
[+] Content of VehicleExampleMap Persistent Level
 |- Always loaded Actor Count: 34 
 |- Actor Path: /Game/VehicleTemplate/Maps/VehicleExampleMap.VehicleExampleMap:PersistentLevel.AbstractNavData-Default
 |- Actor Package: /Game/VehicleTemplate/Maps/VehicleExampleMap
 |- Actor Path: /Game/VehicleTemplate/Maps/VehicleExampleMap.VehicleExampleMap:PersistentLevel.Ai_Car_C_UAID_2C58B90D93E1D4EC01_1815029723
 |- Actor Package: /Game/__ExternalActors__/VehicleTemplate/Maps/VehicleExampleMap/2/9I/S71UC97132FF1XGEICHGXF
 |- Actor Path: /Game/VehicleTemplate/Maps/VehicleExampleMap.VehicleExampleMap:PersistentLevel.BP_Road_C_UAID_2C58B90D93E1D3EC01_1235906541
 |- Actor Package: /Game/__ExternalActors__/VehicleTemplate/Maps/VehicleExampleMap/7/0P/BBWVGOMER3QLHSQTPUUG2H
 |- Actor Path: /Game/VehicleTemplate/Maps/VehicleExampleMap.VehicleExampleMap:PersistentLevel.Brush_1
 |- Actor Package: /Game/VehicleTemplate/Maps/VehicleExampleMap
 |- Actor Path: /Game/VehicleTemplate/Maps/VehicleExampleMap.VehicleExampleMap:PersistentLevel.Container_Trailer_C_UAID_2C58B90D93E1D1EC01_2138059185
 |- Actor Package: /Game/__ExternalActors__/VehicleTemplate/Maps/VehicleExampleMap/5/SA/5N2PP5MMNS1ZLLO61F9UWX
 |- Actor Path: /Game/VehicleTemplate/Maps/VehicleExampleMap.VehicleExampleMap:PersistentLevel.DefaultPhysicsVolume_0
 |- Actor Package: /Game/VehicleTemplate/Maps/VehicleExampleMap
 |- Actor Path: /Game/VehicleTemplate/Maps/VehicleExampleMap.VehicleExampleMap:PersistentLevel.DirectionalLight_0
 |- Actor Package: /Game/__ExternalActors__/VehicleTemplate/Maps/VehicleExampleMap/D/HQ/JFSCDHM3DQXDWPJD8RHGWV
 |- Actor Path: /Game/VehicleTemplate/Maps/VehicleExampleMap.VehicleExampleMap:PersistentLevel.ExponentialHeightFog_0
 |- Actor Package: /Game/__ExternalActors__/VehicleTemplate/Maps/VehicleExampleMap/8/VZ/RO3QWXLUI0FCFWSB7PRWYH
 |- Actor Path: /Game/VehicleTemplate/Maps/VehicleExampleMap.VehicleExampleMap:PersistentLevel.GameplayDebuggerPlayerManager_0
 |- Actor Package: /Game/VehicleTemplate/Maps/VehicleExampleMap
 |- Actor Path: /Game/VehicleTemplate/Maps/VehicleExampleMap.VehicleExampleMap:PersistentLevel.Landscape_0
 |- Actor Package: /Game/__ExternalActors__/VehicleTemplate/Maps/VehicleExampleMap/7/J6/FATC6RSAGYSG8G4CTB1IAT
 |- Actor Path: /Game/VehicleTemplate/Maps/VehicleExampleMap.VehicleExampleMap:PersistentLevel.LandscapeSplineActor_UAID_2C58B90D93E1D0EC01_1980129005
 |- Actor Package: /Game/__ExternalActors__/VehicleTemplate/Maps/VehicleExampleMap/4/8N/Q4WXM82HNGMHUMA99P1QSP
 |- Actor Path: /Game/VehicleTemplate/Maps/VehicleExampleMap.VehicleExampleMap:PersistentLevel.LandscapeSplineActor_UAID_2C58B90D93E1D2EC01_1087119363
 |- Actor Package: /Game/__ExternalActors__/VehicleTemplate/Maps/VehicleExampleMap/0/IN/WWYEVHA1SM84GGK7ANJB5R
 |- Actor Path: /Game/VehicleTemplate/Maps/VehicleExampleMap.VehicleExampleMap:PersistentLevel.LandscapeStreamingProxy_BN55SI9ETKGRY904720BQHPG3_1_0_0_0
 |- Actor Package: /Game/__ExternalActors__/VehicleTemplate/Maps/VehicleExampleMap/2/KA/641DILFS056EAGXA96WARU
 |- Actor Path: /Game/VehicleTemplate/Maps/VehicleExampleMap.VehicleExampleMap:PersistentLevel.LandscapeStreamingProxy_BN55SI9ETKGRY904720BQHPG3_1_0_1_0
 |- Actor Package: /Game/__ExternalActors__/VehicleTemplate/Maps/VehicleExampleMap/6/S7/2NX9ZP7Z2SEKB8KO5J9VC2
 |- Actor Path: /Game/VehicleTemplate/Maps/VehicleExampleMap.VehicleExampleMap:PersistentLevel.LandscapeStreamingProxy_BN55SI9ETKGRY904720BQHPG3_1_1_0_0
 |- Actor Package: /Game/__ExternalActors__/VehicleTemplate/Maps/VehicleExampleMap/C/FV/0ORXDSHBYQOS2A920WHDXV
 |- Actor Path: /Game/VehicleTemplate/Maps/VehicleExampleMap.VehicleExampleMap:PersistentLevel.LandscapeStreamingProxy_BN55SI9ETKGRY904720BQHPG3_1_1_1_0
 |- Actor Package: /Game/__ExternalActors__/VehicleTemplate/Maps/VehicleExampleMap/6/OV/83W7IXH4TGHRI72ZDV4BUN
 |- Actor Path: /Game/VehicleTemplate/Maps/VehicleExampleMap.VehicleExampleMap:PersistentLevel.PlayerStart_1
 |- Actor Package: /Game/__ExternalActors__/VehicleTemplate/Maps/VehicleExampleMap/1/0G/S09YAH4R8CMVDMZ7A20STZ
 |- Actor Path: /Game/VehicleTemplate/Maps/VehicleExampleMap.VehicleExampleMap:PersistentLevel.PostProcessVolume_0
 |- Actor Package: /Game/__ExternalActors__/VehicleTemplate/Maps/VehicleExampleMap/B/S4/39R99VDAXF7X1T8FW5O7G5
 |- Actor Path: /Game/VehicleTemplate/Maps/VehicleExampleMap.VehicleExampleMap:PersistentLevel.SkyAtmosphere_0
 |- Actor Package: /Game/__ExternalActors__/VehicleTemplate/Maps/VehicleExampleMap/E/RG/6FX3FVZLOTLUYLWS5AEE1A
 |- Actor Path: /Game/VehicleTemplate/Maps/VehicleExampleMap.VehicleExampleMap:PersistentLevel.SkyLight_1
 |- Actor Package: /Game/__ExternalActors__/VehicleTemplate/Maps/VehicleExampleMap/3/WW/FO9B6T5LMMCOKJG4HCFNL1
 |- Actor Path: /Game/VehicleTemplate/Maps/VehicleExampleMap.VehicleExampleMap:PersistentLevel.SportsCar_Pawn_C_UAID_2C58B90D93E1D4EC01_1564447722
 |- Actor Package: /Game/__ExternalActors__/VehicleTemplate/Maps/VehicleExampleMap/5/9C/QVCNBRVPHNFE0O38B3FJU6
 |- Actor Path: /Game/VehicleTemplate/Maps/VehicleExampleMap.VehicleExampleMap:PersistentLevel.StaticMeshActor_0
 |- Actor Package: /Game/__ExternalActors__/VehicleTemplate/Maps/VehicleExampleMap/6/U5/8JZFKBCUEF0B387SN8YEIP
 |- Actor Path: /Game/VehicleTemplate/Maps/VehicleExampleMap.VehicleExampleMap:PersistentLevel.StaticMeshActor_4
 |- Actor Package: /Game/__ExternalActors__/VehicleTemplate/Maps/VehicleExampleMap/9/6V/Y43952I6PADWYXPC2BKZKZ
 |- Actor Path: /Game/VehicleTemplate/Maps/VehicleExampleMap.VehicleExampleMap:PersistentLevel.StaticMeshActor_5
 |- Actor Package: /Game/__ExternalActors__/VehicleTemplate/Maps/VehicleExampleMap/3/LO/35SUB29C3KQDMIXSHRFU72
 |- Actor Path: /Game/VehicleTemplate/Maps/VehicleExampleMap.VehicleExampleMap:PersistentLevel.StaticMeshActor_6
 |- Actor Package: /Game/__ExternalActors__/VehicleTemplate/Maps/VehicleExampleMap/E/0F/98ISP8O7J3TB8XGN5PCRB0
 |- Actor Path: /Game/VehicleTemplate/Maps/VehicleExampleMap.VehicleExampleMap:PersistentLevel.StaticMeshActor_UAID_A4AE111137DC5DFB00_1630210247
 |- Actor Package: /Game/__ExternalActors__/VehicleTemplate/Maps/VehicleExampleMap/4/LP/UZ50PDVAY299IMPNI9D2JC
 |- Actor Path: /Game/VehicleTemplate/Maps/VehicleExampleMap.VehicleExampleMap:PersistentLevel.Tanker_Trailer_C_UAID_2C58B90D93E1D1EC01_2143477186
 |- Actor Package: /Game/__ExternalActors__/VehicleTemplate/Maps/VehicleExampleMap/1/OG/66HO41FFGTIZGF6RX0KDVP
 |- Actor Path: /Game/VehicleTemplate/Maps/VehicleExampleMap.VehicleExampleMap:PersistentLevel.TextRenderActor_1
 |- Actor Package: /Game/__ExternalActors__/VehicleTemplate/Maps/VehicleExampleMap/A/H0/LYTDGJWOH7OXH2EDGARXVB
 |- Actor Path: /Game/VehicleTemplate/Maps/VehicleExampleMap.VehicleExampleMap:PersistentLevel.Truck_BP_C_UAID_2C58B90D93E1D1EC01_2124998184
 |- Actor Package: /Game/__ExternalActors__/VehicleTemplate/Maps/VehicleExampleMap/E/20/Q8A4AA9NB5YAN0PEPHOFH9
 |- Actor Path: /Game/VehicleTemplate/Maps/VehicleExampleMap.VehicleExampleMap:PersistentLevel.VehicleExampleMap_C_1
 |- Actor Package: /Game/VehicleTemplate/Maps/VehicleExampleMap
 |- Actor Path: /Game/VehicleTemplate/Maps/VehicleExampleMap.VehicleExampleMap:PersistentLevel.VolumetricCloud_0
 |- Actor Package: /Game/__ExternalActors__/VehicleTemplate/Maps/VehicleExampleMap/7/6B/35BADYNNBJZPEYUTHJKTQU
 |- Actor Path: /Game/VehicleTemplate/Maps/VehicleExampleMap.VehicleExampleMap:PersistentLevel.WorldDataLayers
 |- Actor Package: /Game/__ExternalActors__/VehicleTemplate/Maps/VehicleExampleMap/3/8Z/8O4O20NVAUFW84ZP4YO7II
 |- Actor Path: /Game/VehicleTemplate/Maps/VehicleExampleMap.VehicleExampleMap:PersistentLevel.WorldPartitionMiniMap_0
 |- Actor Package: /Game/__ExternalActors__/VehicleTemplate/Maps/VehicleExampleMap/7/GT/DVHRIRLU9GVKHFO3UTR8FO
 |- Actor Path: /Game/VehicleTemplate/Maps/VehicleExampleMap.VehicleExampleMap:PersistentLevel.WorldSettings_1
 |- Actor Package: /Game/VehicleTemplate/Maps/VehicleExampleMap

----------------------------------------------------------------------------------------------------------------
VehicleExampleMap - Runtime Spatial Hash - Streaming Grid - MainGrid
----------------------------------------------------------------------------------------------------------------
            Origin: X=0.000 Y=0.000 Z=0.000
         Cell Size: 12800
      World Bounds: IsValid=false, Min=(X=0.000 Y=0.000 Z=0.000), Max=(X=0.000 Y=0.000 Z=0.000)
     Loading Range: 25600.00
Block Slow Loading: No
 ClientOnlyVisible: No
            Origin: X=0.000 Y=0.000 Z=0.000

[+] Grid Levels: 1
 |- Level  0: Cell Count    0 | Cell Size   12800 | Actor Count    0 (0.0%)

[+] Content of Grid Level 0

